

================================================================
== Vitis HLS Report for 'dft_Pipeline_VITIS_LOOP_19_3'
================================================================
* Date:           Thu Oct 20 19:42:54 2022

* Version:        2022.1 (Build 3526262 on Mon Apr 18 15:48:16 MDT 2022)
* Project:        dft_256
* Solution:       solution2 (Vivado IP Flow Target)
* Product family: zynq
* Target device:  xc7z020-clg484-1


================================================================
== Performance Estimates
================================================================
+ Timing: 
    * Summary: 
    +--------+----------+----------+------------+
    |  Clock |  Target  | Estimated| Uncertainty|
    +--------+----------+----------+------------+
    |ap_clk  |  10.00 ns|  7.256 ns|     2.70 ns|
    +--------+----------+----------+------------+

+ Latency: 
    * Summary: 
    +---------+---------+-----------+-----------+------+------+---------+
    |  Latency (cycles) |   Latency (absolute)  |   Interval  | Pipeline|
    |   min   |   max   |    min    |    max    |  min |  max |   Type  |
    +---------+---------+-----------+-----------+------+------+---------+
    |     1289|     1289|  12.890 us|  12.890 us|  1289|  1289|       no|
    +---------+---------+-----------+-----------+------+------+---------+

    + Detail: 
        * Instance: 
        N/A

        * Loop: 
        +-------------------+---------+---------+----------+-----------+-----------+------+----------+
        |                   |  Latency (cycles) | Iteration|  Initiation Interval  | Trip |          |
        |     Loop Name     |   min   |   max   |  Latency |  achieved |   target  | Count| Pipelined|
        +-------------------+---------+---------+----------+-----------+-----------+------+----------+
        |- VITIS_LOOP_19_3  |     1287|     1287|        13|          5|          1|   256|       yes|
        +-------------------+---------+---------+----------+-----------+-----------+------+----------+

============================================================
+ Verbose Summary: Synthesis Manager
============================================================
InlineROM: 1
ExposeGlobal: 0
============================================================
+ Verbose Summary: CDFG Model
============================================================
IsTopModel: 0
ResetActiveHigh: 1
IsCombinational: 0
IsDatapathOnly: 0
HasWiredReturn: 1
HasMFsm: 2
HasVarLatency: 1
IsPipeline: 0
IsRtlPipelined: 0
IsInstanceOverlapped: 0
IsDontTouch: 0
HasImplIP: 0
IsGatedGlobalClock: 0

+ Individual pipeline summary: 
  * Pipeline-0: initiation interval (II) = 5, depth = 13


============================================================
+ Verbose Summary: Schedule
============================================================
* Number of FSM states : 13
* Pipeline : 1
  Pipeline-0 : II = 5, D = 13, States = { 1 2 3 4 5 6 7 8 9 10 11 12 13 }
* Dataflow Pipeline: 0

* FSM state transitions: 
1 --> 2 
2 --> 3 
3 --> 4 
4 --> 5 
5 --> 6 
6 --> 7 
7 --> 8 
8 --> 9 
9 --> 10 
10 --> 11 
11 --> 12 
12 --> 13 
13 --> 

* FSM state operations: 

State 1 <SV = 0> <Delay = 3.50>
ST_1 : Operation 16 [1/1] (0.00ns)   --->   "%index = alloca i32 1"   --->   Operation 16 'alloca' 'index' <Predicate = true> <Delay = 0.00>
ST_1 : Operation 17 [1/1] (0.00ns)   --->   "%add5 = alloca i32 1"   --->   Operation 17 'alloca' 'add5' <Predicate = true> <Delay = 0.00>
ST_1 : Operation 18 [1/1] (0.00ns)   --->   "%add276 = alloca i32 1"   --->   Operation 18 'alloca' 'add276' <Predicate = true> <Delay = 0.00>
ST_1 : Operation 19 [1/1] (0.00ns)   --->   "%n = alloca i32 1"   --->   Operation 19 'alloca' 'n' <Predicate = true> <Delay = 0.00>
ST_1 : Operation 20 [1/1] (0.00ns)   --->   "%trunc_ln_read = read i8 @_ssdm_op_Read.ap_auto.i8, i8 %trunc_ln"   --->   Operation 20 'read' 'trunc_ln_read' <Predicate = true> <Delay = 0.00>
ST_1 : Operation 21 [1/1] (0.00ns)   --->   "%zext_ln17_read = read i8 @_ssdm_op_Read.ap_auto.i8, i8 %zext_ln17"   --->   Operation 21 'read' 'zext_ln17_read' <Predicate = true> <Delay = 0.00>
ST_1 : Operation 22 [1/1] (0.00ns)   --->   "%sum_r_load_read = read i32 @_ssdm_op_Read.ap_auto.float, i32 %sum_r_load"   --->   Operation 22 'read' 'sum_r_load_read' <Predicate = true> <Delay = 0.00>
ST_1 : Operation 23 [1/1] (0.00ns)   --->   "%sum_i_load_read = read i32 @_ssdm_op_Read.ap_auto.float, i32 %sum_i_load"   --->   Operation 23 'read' 'sum_i_load_read' <Predicate = true> <Delay = 0.00>
ST_1 : Operation 24 [1/1] (0.00ns)   --->   "%zext_ln17_cast = zext i8 %zext_ln17_read"   --->   Operation 24 'zext' 'zext_ln17_cast' <Predicate = true> <Delay = 0.00>
ST_1 : Operation 25 [1/1] (1.58ns)   --->   "%store_ln0 = store i9 0, i9 %n"   --->   Operation 25 'store' 'store_ln0' <Predicate = true> <Delay = 1.58>
ST_1 : Operation 26 [1/1] (1.58ns)   --->   "%store_ln0 = store i32 %sum_i_load_read, i32 %add276"   --->   Operation 26 'store' 'store_ln0' <Predicate = true> <Delay = 1.58>
ST_1 : Operation 27 [1/1] (1.58ns)   --->   "%store_ln0 = store i32 %sum_r_load_read, i32 %add5"   --->   Operation 27 'store' 'store_ln0' <Predicate = true> <Delay = 1.58>
ST_1 : Operation 28 [1/1] (1.58ns)   --->   "%store_ln0 = store i8 0, i8 %index"   --->   Operation 28 'store' 'store_ln0' <Predicate = true> <Delay = 1.58>
ST_1 : Operation 29 [1/1] (0.00ns)   --->   "%br_ln0 = br void %for.inc28"   --->   Operation 29 'br' 'br_ln0' <Predicate = true> <Delay = 0.00>
ST_1 : Operation 30 [1/1] (0.00ns)   --->   "%n_2 = load i9 %n" [dft_256/dft.cpp:19]   --->   Operation 30 'load' 'n_2' <Predicate = true> <Delay = 0.00>
ST_1 : Operation 31 [1/1] (0.00ns)   --->   "%sum_i_addr = getelementptr i32 %sum_i, i64 0, i64 %zext_ln17_cast"   --->   Operation 31 'getelementptr' 'sum_i_addr' <Predicate = true> <Delay = 0.00>
ST_1 : Operation 32 [1/1] (0.00ns)   --->   "%sum_r_addr = getelementptr i32 %sum_r, i64 0, i64 %zext_ln17_cast"   --->   Operation 32 'getelementptr' 'sum_r_addr' <Predicate = true> <Delay = 0.00>
ST_1 : Operation 33 [1/1] (0.00ns)   --->   "%specpipeline_ln0 = specpipeline void @_ssdm_op_SpecPipeline, i32 4294967295, i32 0, i32 1, i32 0, void @p_str"   --->   Operation 33 'specpipeline' 'specpipeline_ln0' <Predicate = true> <Delay = 0.00>
ST_1 : Operation 34 [1/1] (1.66ns)   --->   "%icmp_ln19 = icmp_eq  i9 %n_2, i9 256" [dft_256/dft.cpp:19]   --->   Operation 34 'icmp' 'icmp_ln19' <Predicate = true> <Delay = 1.66> <CoreInst = "Cmp">   --->   Core 9 'Cmp' <Latency = 0> <II = 1> <Delay = 1.66> <FuncUnit> <Opcode : 'icmp'> <InPorts = 2> <OutPorts = 1>
ST_1 : Operation 35 [1/1] (0.00ns)   --->   "%empty = speclooptripcount i32 @_ssdm_op_SpecLoopTripCount, i64 256, i64 256, i64 256"   --->   Operation 35 'speclooptripcount' 'empty' <Predicate = true> <Delay = 0.00>
ST_1 : Operation 36 [1/1] (1.82ns)   --->   "%add_ln19 = add i9 %n_2, i9 1" [dft_256/dft.cpp:19]   --->   Operation 36 'add' 'add_ln19' <Predicate = true> <Delay = 1.82> <CoreInst = "Adder">   --->   Core 1 'Adder' <Latency = 0> <II = 1> <Delay = 1.82> <FuncUnit> <Opcode : 'add' 'sub'> <InPorts = 2> <OutPorts = 1>
ST_1 : Operation 37 [1/1] (0.00ns)   --->   "%br_ln19 = br i1 %icmp_ln19, void %for.inc28.split, void %for.inc31.exitStub" [dft_256/dft.cpp:19]   --->   Operation 37 'br' 'br_ln19' <Predicate = true> <Delay = 0.00>
ST_1 : Operation 38 [1/1] (0.00ns)   --->   "%index_load = load i8 %index" [dft_256/dft.cpp:20]   --->   Operation 38 'load' 'index_load' <Predicate = (!icmp_ln19)> <Delay = 0.00>
ST_1 : Operation 39 [1/1] (0.00ns)   --->   "%n_2_cast2 = zext i9 %n_2" [dft_256/dft.cpp:19]   --->   Operation 39 'zext' 'n_2_cast2' <Predicate = (!icmp_ln19)> <Delay = 0.00>
ST_1 : Operation 40 [1/1] (1.91ns)   --->   "%add_ln20 = add i8 %index_load, i8 %trunc_ln_read" [dft_256/dft.cpp:20]   --->   Operation 40 'add' 'add_ln20' <Predicate = (!icmp_ln19)> <Delay = 1.91> <CoreInst = "Adder">   --->   Core 1 'Adder' <Latency = 0> <II = 1> <Delay = 1.91> <FuncUnit> <Opcode : 'add' 'sub'> <InPorts = 2> <OutPorts = 1>
ST_1 : Operation 41 [1/1] (0.00ns)   --->   "%temp_addr = getelementptr i32 %temp, i64 0, i64 %n_2_cast2" [dft_256/dft.cpp:21]   --->   Operation 41 'getelementptr' 'temp_addr' <Predicate = (!icmp_ln19)> <Delay = 0.00>
ST_1 : Operation 42 [2/2] (3.25ns)   --->   "%temp_load = load i8 %temp_addr" [dft_256/dft.cpp:21]   --->   Operation 42 'load' 'temp_load' <Predicate = (!icmp_ln19)> <Delay = 3.25> <CoreInst = "RAM">   --->   Core 82 'RAM' <Latency = 1> <II = 1> <Delay = 3.25> <Storage> <Opcode : 'load' 'store'> <Ports = 2> <Width = 32> <Depth = 256> <RAM>
ST_1 : Operation 43 [1/1] (0.00ns)   --->   "%zext_ln21 = zext i8 %index_load" [dft_256/dft.cpp:21]   --->   Operation 43 'zext' 'zext_ln21' <Predicate = (!icmp_ln19)> <Delay = 0.00>
ST_1 : Operation 44 [1/1] (0.00ns)   --->   "%cos_coefficients_table_addr = getelementptr i32 %cos_coefficients_table, i64 0, i64 %zext_ln21" [dft_256/dft.cpp:21]   --->   Operation 44 'getelementptr' 'cos_coefficients_table_addr' <Predicate = (!icmp_ln19)> <Delay = 0.00>
ST_1 : Operation 45 [2/2] (3.25ns)   --->   "%cos_coefficients_table_load = load i8 %cos_coefficients_table_addr" [dft_256/dft.cpp:21]   --->   Operation 45 'load' 'cos_coefficients_table_load' <Predicate = (!icmp_ln19)> <Delay = 3.25> <CoreInst = "ROM">   --->   Core 95 'ROM' <Latency = 1> <II = 1> <Delay = 3.25> <Storage> <Opcode : 'load'> <Ports = 0> <Width = 32> <Depth = 256> <ROM>
ST_1 : Operation 46 [1/1] (0.00ns)   --->   "%sin_coefficients_table_addr = getelementptr i32 %sin_coefficients_table, i64 0, i64 %zext_ln21" [dft_256/dft.cpp:22]   --->   Operation 46 'getelementptr' 'sin_coefficients_table_addr' <Predicate = (!icmp_ln19)> <Delay = 0.00>
ST_1 : Operation 47 [2/2] (3.25ns)   --->   "%sin_coefficients_table_load = load i8 %sin_coefficients_table_addr" [dft_256/dft.cpp:22]   --->   Operation 47 'load' 'sin_coefficients_table_load' <Predicate = (!icmp_ln19)> <Delay = 3.25> <CoreInst = "ROM">   --->   Core 95 'ROM' <Latency = 1> <II = 1> <Delay = 3.25> <Storage> <Opcode : 'load'> <Ports = 0> <Width = 32> <Depth = 256> <ROM>
ST_1 : Operation 48 [1/1] (1.66ns)   --->   "%ifzero = icmp_eq  i9 %add_ln19, i9 256" [dft_256/dft.cpp:19]   --->   Operation 48 'icmp' 'ifzero' <Predicate = (!icmp_ln19)> <Delay = 1.66> <CoreInst = "Cmp">   --->   Core 9 'Cmp' <Latency = 0> <II = 1> <Delay = 1.66> <FuncUnit> <Opcode : 'icmp'> <InPorts = 2> <OutPorts = 1>
ST_1 : Operation 49 [1/1] (0.00ns)   --->   "%br_ln19 = br i1 %ifzero, void %ifFalse, void %ifTrue" [dft_256/dft.cpp:19]   --->   Operation 49 'br' 'br_ln19' <Predicate = (!icmp_ln19)> <Delay = 0.00>
ST_1 : Operation 50 [1/1] (1.58ns)   --->   "%store_ln19 = store i9 %add_ln19, i9 %n" [dft_256/dft.cpp:19]   --->   Operation 50 'store' 'store_ln19' <Predicate = (!icmp_ln19)> <Delay = 1.58>
ST_1 : Operation 51 [1/1] (1.58ns)   --->   "%store_ln20 = store i8 %add_ln20, i8 %index" [dft_256/dft.cpp:20]   --->   Operation 51 'store' 'store_ln20' <Predicate = (!icmp_ln19)> <Delay = 1.58>

State 2 <SV = 1> <Delay = 3.25>
ST_2 : Operation 52 [1/2] (3.25ns)   --->   "%temp_load = load i8 %temp_addr" [dft_256/dft.cpp:21]   --->   Operation 52 'load' 'temp_load' <Predicate = (!icmp_ln19)> <Delay = 3.25> <CoreInst = "RAM">   --->   Core 82 'RAM' <Latency = 1> <II = 1> <Delay = 3.25> <Storage> <Opcode : 'load' 'store'> <Ports = 2> <Width = 32> <Depth = 256> <RAM>
ST_2 : Operation 53 [1/2] (3.25ns)   --->   "%cos_coefficients_table_load = load i8 %cos_coefficients_table_addr" [dft_256/dft.cpp:21]   --->   Operation 53 'load' 'cos_coefficients_table_load' <Predicate = (!icmp_ln19)> <Delay = 3.25> <CoreInst = "ROM">   --->   Core 95 'ROM' <Latency = 1> <II = 1> <Delay = 3.25> <Storage> <Opcode : 'load'> <Ports = 0> <Width = 32> <Depth = 256> <ROM>
ST_2 : Operation 54 [1/2] (3.25ns)   --->   "%sin_coefficients_table_load = load i8 %sin_coefficients_table_addr" [dft_256/dft.cpp:22]   --->   Operation 54 'load' 'sin_coefficients_table_load' <Predicate = (!icmp_ln19)> <Delay = 3.25> <CoreInst = "ROM">   --->   Core 95 'ROM' <Latency = 1> <II = 1> <Delay = 3.25> <Storage> <Opcode : 'load'> <Ports = 0> <Width = 32> <Depth = 256> <ROM>

State 3 <SV = 2> <Delay = 5.70>
ST_3 : Operation 55 [4/4] (5.70ns)   --->   "%mul = fmul i32 %temp_load, i32 %cos_coefficients_table_load" [dft_256/dft.cpp:21]   --->   Operation 55 'fmul' 'mul' <Predicate = (!icmp_ln19)> <Delay = 5.70> <CoreInst = "FMul_maxdsp">   --->   Core 30 'FMul_maxdsp' <Latency = 3> <II = 1> <Delay = 5.70> <FuncUnit> <Opcode : 'fmul'> <InPorts = 2> <OutPorts = 1>

State 4 <SV = 3> <Delay = 5.70>
ST_4 : Operation 56 [3/4] (5.70ns)   --->   "%mul = fmul i32 %temp_load, i32 %cos_coefficients_table_load" [dft_256/dft.cpp:21]   --->   Operation 56 'fmul' 'mul' <Predicate = (!icmp_ln19)> <Delay = 5.70> <CoreInst = "FMul_maxdsp">   --->   Core 30 'FMul_maxdsp' <Latency = 3> <II = 1> <Delay = 5.70> <FuncUnit> <Opcode : 'fmul'> <InPorts = 2> <OutPorts = 1>
ST_4 : Operation 57 [4/4] (5.70ns)   --->   "%mul1 = fmul i32 %temp_load, i32 %sin_coefficients_table_load" [dft_256/dft.cpp:22]   --->   Operation 57 'fmul' 'mul1' <Predicate = (!icmp_ln19)> <Delay = 5.70> <CoreInst = "FMul_maxdsp">   --->   Core 30 'FMul_maxdsp' <Latency = 3> <II = 1> <Delay = 5.70> <FuncUnit> <Opcode : 'fmul'> <InPorts = 2> <OutPorts = 1>

State 5 <SV = 4> <Delay = 5.70>
ST_5 : Operation 58 [2/4] (5.70ns)   --->   "%mul = fmul i32 %temp_load, i32 %cos_coefficients_table_load" [dft_256/dft.cpp:21]   --->   Operation 58 'fmul' 'mul' <Predicate = (!icmp_ln19)> <Delay = 5.70> <CoreInst = "FMul_maxdsp">   --->   Core 30 'FMul_maxdsp' <Latency = 3> <II = 1> <Delay = 5.70> <FuncUnit> <Opcode : 'fmul'> <InPorts = 2> <OutPorts = 1>
ST_5 : Operation 59 [3/4] (5.70ns)   --->   "%mul1 = fmul i32 %temp_load, i32 %sin_coefficients_table_load" [dft_256/dft.cpp:22]   --->   Operation 59 'fmul' 'mul1' <Predicate = (!icmp_ln19)> <Delay = 5.70> <CoreInst = "FMul_maxdsp">   --->   Core 30 'FMul_maxdsp' <Latency = 3> <II = 1> <Delay = 5.70> <FuncUnit> <Opcode : 'fmul'> <InPorts = 2> <OutPorts = 1>

State 6 <SV = 5> <Delay = 5.70>
ST_6 : Operation 60 [1/4] (5.70ns)   --->   "%mul = fmul i32 %temp_load, i32 %cos_coefficients_table_load" [dft_256/dft.cpp:21]   --->   Operation 60 'fmul' 'mul' <Predicate = true> <Delay = 5.70> <CoreInst = "FMul_maxdsp">   --->   Core 30 'FMul_maxdsp' <Latency = 3> <II = 1> <Delay = 5.70> <FuncUnit> <Opcode : 'fmul'> <InPorts = 2> <OutPorts = 1>
ST_6 : Operation 61 [2/4] (5.70ns)   --->   "%mul1 = fmul i32 %temp_load, i32 %sin_coefficients_table_load" [dft_256/dft.cpp:22]   --->   Operation 61 'fmul' 'mul1' <Predicate = true> <Delay = 5.70> <CoreInst = "FMul_maxdsp">   --->   Core 30 'FMul_maxdsp' <Latency = 3> <II = 1> <Delay = 5.70> <FuncUnit> <Opcode : 'fmul'> <InPorts = 2> <OutPorts = 1>

State 7 <SV = 6> <Delay = 7.25>
ST_7 : Operation 62 [1/1] (0.00ns)   --->   "%add5_load = load i32 %add5" [dft_256/dft.cpp:21]   --->   Operation 62 'load' 'add5_load' <Predicate = true> <Delay = 0.00>
ST_7 : Operation 63 [5/5] (7.25ns)   --->   "%add = fadd i32 %add5_load, i32 %mul" [dft_256/dft.cpp:21]   --->   Operation 63 'fadd' 'add' <Predicate = true> <Delay = 7.25> <CoreInst = "FAddSub_fulldsp">   --->   Core 18 'FAddSub_fulldsp' <Latency = 4> <II = 1> <Delay = 7.25> <FuncUnit> <Opcode : 'fadd' 'fsub'> <InPorts = 2> <OutPorts = 1>
ST_7 : Operation 64 [1/4] (5.70ns)   --->   "%mul1 = fmul i32 %temp_load, i32 %sin_coefficients_table_load" [dft_256/dft.cpp:22]   --->   Operation 64 'fmul' 'mul1' <Predicate = true> <Delay = 5.70> <CoreInst = "FMul_maxdsp">   --->   Core 30 'FMul_maxdsp' <Latency = 3> <II = 1> <Delay = 5.70> <FuncUnit> <Opcode : 'fmul'> <InPorts = 2> <OutPorts = 1>

State 8 <SV = 7> <Delay = 7.25>
ST_8 : Operation 65 [1/1] (0.00ns)   --->   "%add276_load = load i32 %add276" [dft_256/dft.cpp:22]   --->   Operation 65 'load' 'add276_load' <Predicate = true> <Delay = 0.00>
ST_8 : Operation 66 [4/5] (7.25ns)   --->   "%add = fadd i32 %add5_load, i32 %mul" [dft_256/dft.cpp:21]   --->   Operation 66 'fadd' 'add' <Predicate = true> <Delay = 7.25> <CoreInst = "FAddSub_fulldsp">   --->   Core 18 'FAddSub_fulldsp' <Latency = 4> <II = 1> <Delay = 7.25> <FuncUnit> <Opcode : 'fadd' 'fsub'> <InPorts = 2> <OutPorts = 1>
ST_8 : Operation 67 [5/5] (7.25ns)   --->   "%add1 = fadd i32 %add276_load, i32 %mul1" [dft_256/dft.cpp:22]   --->   Operation 67 'fadd' 'add1' <Predicate = true> <Delay = 7.25> <CoreInst = "FAddSub_fulldsp">   --->   Core 18 'FAddSub_fulldsp' <Latency = 4> <II = 1> <Delay = 7.25> <FuncUnit> <Opcode : 'fadd' 'fsub'> <InPorts = 2> <OutPorts = 1>
ST_8 : Operation 82 [1/1] (0.00ns)   --->   "%ret_ln0 = ret"   --->   Operation 82 'ret' 'ret_ln0' <Predicate = (icmp_ln19)> <Delay = 0.00>

State 9 <SV = 8> <Delay = 7.25>
ST_9 : Operation 68 [3/5] (7.25ns)   --->   "%add = fadd i32 %add5_load, i32 %mul" [dft_256/dft.cpp:21]   --->   Operation 68 'fadd' 'add' <Predicate = true> <Delay = 7.25> <CoreInst = "FAddSub_fulldsp">   --->   Core 18 'FAddSub_fulldsp' <Latency = 4> <II = 1> <Delay = 7.25> <FuncUnit> <Opcode : 'fadd' 'fsub'> <InPorts = 2> <OutPorts = 1>
ST_9 : Operation 69 [4/5] (7.25ns)   --->   "%add1 = fadd i32 %add276_load, i32 %mul1" [dft_256/dft.cpp:22]   --->   Operation 69 'fadd' 'add1' <Predicate = true> <Delay = 7.25> <CoreInst = "FAddSub_fulldsp">   --->   Core 18 'FAddSub_fulldsp' <Latency = 4> <II = 1> <Delay = 7.25> <FuncUnit> <Opcode : 'fadd' 'fsub'> <InPorts = 2> <OutPorts = 1>

State 10 <SV = 9> <Delay = 7.25>
ST_10 : Operation 70 [2/5] (7.25ns)   --->   "%add = fadd i32 %add5_load, i32 %mul" [dft_256/dft.cpp:21]   --->   Operation 70 'fadd' 'add' <Predicate = true> <Delay = 7.25> <CoreInst = "FAddSub_fulldsp">   --->   Core 18 'FAddSub_fulldsp' <Latency = 4> <II = 1> <Delay = 7.25> <FuncUnit> <Opcode : 'fadd' 'fsub'> <InPorts = 2> <OutPorts = 1>
ST_10 : Operation 71 [3/5] (7.25ns)   --->   "%add1 = fadd i32 %add276_load, i32 %mul1" [dft_256/dft.cpp:22]   --->   Operation 71 'fadd' 'add1' <Predicate = true> <Delay = 7.25> <CoreInst = "FAddSub_fulldsp">   --->   Core 18 'FAddSub_fulldsp' <Latency = 4> <II = 1> <Delay = 7.25> <FuncUnit> <Opcode : 'fadd' 'fsub'> <InPorts = 2> <OutPorts = 1>

State 11 <SV = 10> <Delay = 7.25>
ST_11 : Operation 72 [1/5] (7.25ns)   --->   "%add = fadd i32 %add5_load, i32 %mul" [dft_256/dft.cpp:21]   --->   Operation 72 'fadd' 'add' <Predicate = true> <Delay = 7.25> <CoreInst = "FAddSub_fulldsp">   --->   Core 18 'FAddSub_fulldsp' <Latency = 4> <II = 1> <Delay = 7.25> <FuncUnit> <Opcode : 'fadd' 'fsub'> <InPorts = 2> <OutPorts = 1>
ST_11 : Operation 73 [2/5] (7.25ns)   --->   "%add1 = fadd i32 %add276_load, i32 %mul1" [dft_256/dft.cpp:22]   --->   Operation 73 'fadd' 'add1' <Predicate = true> <Delay = 7.25> <CoreInst = "FAddSub_fulldsp">   --->   Core 18 'FAddSub_fulldsp' <Latency = 4> <II = 1> <Delay = 7.25> <FuncUnit> <Opcode : 'fadd' 'fsub'> <InPorts = 2> <OutPorts = 1>

State 12 <SV = 11> <Delay = 7.25>
ST_12 : Operation 74 [1/1] (0.00ns)   --->   "%specloopname_ln7 = specloopname void @_ssdm_op_SpecLoopName, void @empty_3" [dft_256/dft.cpp:7]   --->   Operation 74 'specloopname' 'specloopname_ln7' <Predicate = true> <Delay = 0.00>
ST_12 : Operation 75 [1/5] (7.25ns)   --->   "%add1 = fadd i32 %add276_load, i32 %mul1" [dft_256/dft.cpp:22]   --->   Operation 75 'fadd' 'add1' <Predicate = true> <Delay = 7.25> <CoreInst = "FAddSub_fulldsp">   --->   Core 18 'FAddSub_fulldsp' <Latency = 4> <II = 1> <Delay = 7.25> <FuncUnit> <Opcode : 'fadd' 'fsub'> <InPorts = 2> <OutPorts = 1>
ST_12 : Operation 76 [1/1] (3.25ns)   --->   "%store_ln21 = store i32 %add, i8 %sum_r_addr" [dft_256/dft.cpp:21]   --->   Operation 76 'store' 'store_ln21' <Predicate = (ifzero)> <Delay = 3.25> <CoreInst = "RAM">   --->   Core 82 'RAM' <Latency = 1> <II = 1> <Delay = 3.25> <Storage> <Opcode : 'load' 'store'> <Ports = 2> <Width = 32> <Depth = 256> <RAM>
ST_12 : Operation 77 [1/1] (1.58ns)   --->   "%store_ln21 = store i32 %add, i32 %add5" [dft_256/dft.cpp:21]   --->   Operation 77 'store' 'store_ln21' <Predicate = true> <Delay = 1.58>

State 13 <SV = 12> <Delay = 3.25>
ST_13 : Operation 78 [1/1] (3.25ns)   --->   "%store_ln22 = store i32 %add1, i8 %sum_i_addr" [dft_256/dft.cpp:22]   --->   Operation 78 'store' 'store_ln22' <Predicate = (ifzero)> <Delay = 3.25> <CoreInst = "RAM">   --->   Core 82 'RAM' <Latency = 1> <II = 1> <Delay = 3.25> <Storage> <Opcode : 'load' 'store'> <Ports = 2> <Width = 32> <Depth = 256> <RAM>
ST_13 : Operation 79 [1/1] (0.00ns)   --->   "%br_ln0 = br void %ifFalse"   --->   Operation 79 'br' 'br_ln0' <Predicate = (ifzero)> <Delay = 0.00>
ST_13 : Operation 80 [1/1] (1.58ns)   --->   "%store_ln22 = store i32 %add1, i32 %add276" [dft_256/dft.cpp:22]   --->   Operation 80 'store' 'store_ln22' <Predicate = true> <Delay = 1.58>
ST_13 : Operation 81 [1/1] (0.00ns)   --->   "%br_ln0 = br void %for.inc28"   --->   Operation 81 'br' 'br_ln0' <Predicate = true> <Delay = 0.00>


============================================================
+ Verbose Summary: Timing violations
============================================================
Target clock period: 10ns, clock uncertainty: 2.7ns.

 <State 1>: 3.5ns
The critical path consists of the following:
	'alloca' operation ('index') [10]  (0 ns)
	'load' operation ('index_load', dft_256/dft.cpp:20) on local variable 'index' [34]  (0 ns)
	'add' operation ('add_ln20', dft_256/dft.cpp:20) [39]  (1.92 ns)
	'store' operation ('store_ln20', dft_256/dft.cpp:20) of variable 'add_ln20', dft_256/dft.cpp:20 on local variable 'index' [61]  (1.59 ns)

 <State 2>: 3.25ns
The critical path consists of the following:
	'load' operation ('temp_load', dft_256/dft.cpp:21) on array 'temp' [41]  (3.25 ns)

 <State 3>: 5.7ns
The critical path consists of the following:
	'fmul' operation ('mul', dft_256/dft.cpp:21) [45]  (5.7 ns)

 <State 4>: 5.7ns
The critical path consists of the following:
	'fmul' operation ('mul', dft_256/dft.cpp:21) [45]  (5.7 ns)

 <State 5>: 5.7ns
The critical path consists of the following:
	'fmul' operation ('mul', dft_256/dft.cpp:21) [45]  (5.7 ns)

 <State 6>: 5.7ns
The critical path consists of the following:
	'fmul' operation ('mul', dft_256/dft.cpp:21) [45]  (5.7 ns)

 <State 7>: 7.26ns
The critical path consists of the following:
	'load' operation ('add5_load', dft_256/dft.cpp:21) on local variable 'add5' [35]  (0 ns)
	'fadd' operation ('add', dft_256/dft.cpp:21) [46]  (7.26 ns)

 <State 8>: 7.26ns
The critical path consists of the following:
	'fadd' operation ('add', dft_256/dft.cpp:21) [46]  (7.26 ns)

 <State 9>: 7.26ns
The critical path consists of the following:
	'fadd' operation ('add', dft_256/dft.cpp:21) [46]  (7.26 ns)

 <State 10>: 7.26ns
The critical path consists of the following:
	'fadd' operation ('add', dft_256/dft.cpp:21) [46]  (7.26 ns)

 <State 11>: 7.26ns
The critical path consists of the following:
	'fadd' operation ('add', dft_256/dft.cpp:21) [46]  (7.26 ns)

 <State 12>: 7.26ns
The critical path consists of the following:
	'fadd' operation ('add1', dft_256/dft.cpp:22) [50]  (7.26 ns)

 <State 13>: 3.25ns
The critical path consists of the following:
	'store' operation ('store_ln22', dft_256/dft.cpp:22) of variable 'add1', dft_256/dft.cpp:22 on array 'sum_i' [55]  (3.25 ns)


============================================================
+ Verbose Summary: Binding
============================================================
N/A
* FSMD analyzer results:
  - Output states:
 - Input state : 
  - Chain level:
	State 1
	State 2
	State 3
	State 4
	State 5
	State 6
	State 7
	State 8
	State 9
	State 10
	State 11
	State 12
	State 13


============================================================
+ Verbose Summary: Datapath Resource usage 
============================================================
N/A
