

================================================================
== Vitis HLS Report for 'dft_Pipeline_VITIS_LOOP_11_1'
================================================================
* Date:           Thu Oct 20 19:42:54 2022

* Version:        2022.1 (Build 3526262 on Mon Apr 18 15:48:16 MDT 2022)
* Project:        dft_256
* Solution:       solution2 (Vivado IP Flow Target)
* Product family: zynq
* Target device:  xc7z020-clg484-1


================================================================
== Performance Estimates
================================================================
+ Timing: 
    * Summary: 
    +--------+----------+----------+------------+
    |  Clock |  Target  | Estimated| Uncertainty|
    +--------+----------+----------+------------+
    |ap_clk  |  10.00 ns|  6.508 ns|     2.70 ns|
    +--------+----------+----------+------------+

+ Latency: 
    * Summary: 
    +---------+---------+----------+----------+-----+-----+---------+
    |  Latency (cycles) |  Latency (absolute) |  Interval | Pipeline|
    |   min   |   max   |    min   |    max   | min | max |   Type  |
    +---------+---------+----------+----------+-----+-----+---------+
    |      258|      258|  2.580 us|  2.580 us|  258|  258|       no|
    +---------+---------+----------+----------+-----+-----+---------+

    + Detail: 
        * Instance: 
        N/A

        * Loop: 
        +-------------------+---------+---------+----------+-----------+-----------+------+----------+
        |                   |  Latency (cycles) | Iteration|  Initiation Interval  | Trip |          |
        |     Loop Name     |   min   |   max   |  Latency |  achieved |   target  | Count| Pipelined|
        +-------------------+---------+---------+----------+-----------+-----------+------+----------+
        |- VITIS_LOOP_11_1  |      256|      256|         2|          1|          1|   256|       yes|
        +-------------------+---------+---------+----------+-----------+-----------+------+----------+

============================================================
+ Verbose Summary: Synthesis Manager
============================================================
InlineROM: 1
ExposeGlobal: 0
============================================================
+ Verbose Summary: CDFG Model
============================================================
IsTopModel: 0
ResetActiveHigh: 1
IsCombinational: 0
IsDatapathOnly: 0
HasWiredReturn: 1
HasMFsm: 2
HasVarLatency: 1
IsPipeline: 0
IsRtlPipelined: 0
IsInstanceOverlapped: 0
IsDontTouch: 0
HasImplIP: 0
IsGatedGlobalClock: 0

+ Individual pipeline summary: 
  * Pipeline-0: initiation interval (II) = 1, depth = 2


============================================================
+ Verbose Summary: Schedule
============================================================
* Number of FSM states : 2
* Pipeline : 1
  Pipeline-0 : II = 1, D = 2, States = { 1 2 }
* Dataflow Pipeline: 0

* FSM state transitions: 
1 --> 2 
2 --> 

* FSM state operations: 

State 1 <SV = 0> <Delay = 4.91>
ST_1 : Operation 5 [1/1] (0.00ns)   --->   "%n = alloca i32 1"   --->   Operation 5 'alloca' 'n' <Predicate = true> <Delay = 0.00>
ST_1 : Operation 6 [1/1] (0.00ns)   --->   "%specinterface_ln0 = specinterface void @_ssdm_op_SpecInterface, i32 %real_sample, void @empty, i32 0, i32 0, void @empty_0, i32 4294967295, i32 0, void @empty_0, void @empty_0, void @empty_0, i32 0, i32 0, i32 0, i32 0, void @empty_0, void @empty_0, i32 4294967295, i32 0"   --->   Operation 6 'specinterface' 'specinterface_ln0' <Predicate = true> <Delay = 0.00>
ST_1 : Operation 7 [1/1] (1.58ns)   --->   "%store_ln0 = store i9 0, i9 %n"   --->   Operation 7 'store' 'store_ln0' <Predicate = true> <Delay = 1.58>
ST_1 : Operation 8 [1/1] (0.00ns)   --->   "%br_ln0 = br void %for.inc"   --->   Operation 8 'br' 'br_ln0' <Predicate = true> <Delay = 0.00>
ST_1 : Operation 9 [1/1] (0.00ns)   --->   "%n_3 = load i9 %n" [dft_256/dft.cpp:11]   --->   Operation 9 'load' 'n_3' <Predicate = true> <Delay = 0.00>
ST_1 : Operation 10 [1/1] (0.00ns)   --->   "%specpipeline_ln0 = specpipeline void @_ssdm_op_SpecPipeline, i32 4294967295, i32 0, i32 1, i32 0, void @p_str"   --->   Operation 10 'specpipeline' 'specpipeline_ln0' <Predicate = true> <Delay = 0.00>
ST_1 : Operation 11 [1/1] (1.66ns)   --->   "%icmp_ln11 = icmp_eq  i9 %n_3, i9 256" [dft_256/dft.cpp:11]   --->   Operation 11 'icmp' 'icmp_ln11' <Predicate = true> <Delay = 1.66> <CoreInst = "Cmp">   --->   Core 9 'Cmp' <Latency = 0> <II = 1> <Delay = 1.66> <FuncUnit> <Opcode : 'icmp'> <InPorts = 2> <OutPorts = 1>
ST_1 : Operation 12 [1/1] (0.00ns)   --->   "%empty = speclooptripcount i32 @_ssdm_op_SpecLoopTripCount, i64 256, i64 256, i64 256"   --->   Operation 12 'speclooptripcount' 'empty' <Predicate = true> <Delay = 0.00>
ST_1 : Operation 13 [1/1] (1.82ns)   --->   "%add_ln11 = add i9 %n_3, i9 1" [dft_256/dft.cpp:11]   --->   Operation 13 'add' 'add_ln11' <Predicate = true> <Delay = 1.82> <CoreInst = "Adder">   --->   Core 1 'Adder' <Latency = 0> <II = 1> <Delay = 1.82> <FuncUnit> <Opcode : 'add' 'sub'> <InPorts = 2> <OutPorts = 1>
ST_1 : Operation 14 [1/1] (0.00ns)   --->   "%br_ln11 = br i1 %icmp_ln11, void %for.inc.split, void %VITIS_LOOP_19_3.preheader.exitStub" [dft_256/dft.cpp:11]   --->   Operation 14 'br' 'br_ln11' <Predicate = true> <Delay = 0.00>
ST_1 : Operation 15 [1/1] (0.00ns)   --->   "%n_cast = zext i9 %n_3" [dft_256/dft.cpp:11]   --->   Operation 15 'zext' 'n_cast' <Predicate = (!icmp_ln11)> <Delay = 0.00>
ST_1 : Operation 16 [1/1] (0.00ns)   --->   "%real_sample_addr = getelementptr i32 %real_sample, i64 0, i64 %n_cast" [dft_256/dft.cpp:12]   --->   Operation 16 'getelementptr' 'real_sample_addr' <Predicate = (!icmp_ln11)> <Delay = 0.00>
ST_1 : Operation 17 [2/2] (3.25ns)   --->   "%real_sample_load = load i8 %real_sample_addr" [dft_256/dft.cpp:12]   --->   Operation 17 'load' 'real_sample_load' <Predicate = (!icmp_ln11)> <Delay = 3.25> <CoreInst = "RAM">   --->   Core 82 'RAM' <Latency = 1> <II = 1> <Delay = 3.25> <Storage> <Opcode : 'load' 'store'> <Ports = 2> <Width = 32> <Depth = 256> <RAM>
ST_1 : Operation 18 [1/1] (0.00ns)   --->   "%sum_r_addr = getelementptr i32 %sum_r, i64 0, i64 %n_cast" [dft_256/dft.cpp:13]   --->   Operation 18 'getelementptr' 'sum_r_addr' <Predicate = (!icmp_ln11)> <Delay = 0.00>
ST_1 : Operation 19 [1/1] (3.25ns)   --->   "%store_ln13 = store i32 0, i8 %sum_r_addr" [dft_256/dft.cpp:13]   --->   Operation 19 'store' 'store_ln13' <Predicate = (!icmp_ln11)> <Delay = 3.25> <CoreInst = "RAM">   --->   Core 82 'RAM' <Latency = 1> <II = 1> <Delay = 3.25> <Storage> <Opcode : 'load' 'store'> <Ports = 2> <Width = 32> <Depth = 256> <RAM>
ST_1 : Operation 20 [1/1] (0.00ns)   --->   "%sum_i_addr = getelementptr i32 %sum_i, i64 0, i64 %n_cast" [dft_256/dft.cpp:14]   --->   Operation 20 'getelementptr' 'sum_i_addr' <Predicate = (!icmp_ln11)> <Delay = 0.00>
ST_1 : Operation 21 [1/1] (3.25ns)   --->   "%store_ln14 = store i32 0, i8 %sum_i_addr" [dft_256/dft.cpp:14]   --->   Operation 21 'store' 'store_ln14' <Predicate = (!icmp_ln11)> <Delay = 3.25> <CoreInst = "RAM">   --->   Core 82 'RAM' <Latency = 1> <II = 1> <Delay = 3.25> <Storage> <Opcode : 'load' 'store'> <Ports = 2> <Width = 32> <Depth = 256> <RAM>
ST_1 : Operation 22 [1/1] (1.58ns)   --->   "%store_ln11 = store i9 %add_ln11, i9 %n" [dft_256/dft.cpp:11]   --->   Operation 22 'store' 'store_ln11' <Predicate = (!icmp_ln11)> <Delay = 1.58>
ST_1 : Operation 29 [1/1] (0.00ns)   --->   "%ret_ln0 = ret"   --->   Operation 29 'ret' 'ret_ln0' <Predicate = (icmp_ln11)> <Delay = 0.00>

State 2 <SV = 1> <Delay = 6.50>
ST_2 : Operation 23 [1/1] (0.00ns)   --->   "%specloopname_ln7 = specloopname void @_ssdm_op_SpecLoopName, void @empty_5" [dft_256/dft.cpp:7]   --->   Operation 23 'specloopname' 'specloopname_ln7' <Predicate = true> <Delay = 0.00>
ST_2 : Operation 24 [1/2] (3.25ns)   --->   "%real_sample_load = load i8 %real_sample_addr" [dft_256/dft.cpp:12]   --->   Operation 24 'load' 'real_sample_load' <Predicate = true> <Delay = 3.25> <CoreInst = "RAM">   --->   Core 82 'RAM' <Latency = 1> <II = 1> <Delay = 3.25> <Storage> <Opcode : 'load' 'store'> <Ports = 2> <Width = 32> <Depth = 256> <RAM>
ST_2 : Operation 25 [1/1] (0.00ns)   --->   "%bitcast_ln12 = bitcast i32 %real_sample_load" [dft_256/dft.cpp:12]   --->   Operation 25 'bitcast' 'bitcast_ln12' <Predicate = true> <Delay = 0.00>
ST_2 : Operation 26 [1/1] (0.00ns)   --->   "%temp_addr = getelementptr i32 %temp, i64 0, i64 %n_cast" [dft_256/dft.cpp:12]   --->   Operation 26 'getelementptr' 'temp_addr' <Predicate = true> <Delay = 0.00>
ST_2 : Operation 27 [1/1] (3.25ns)   --->   "%store_ln12 = store i32 %bitcast_ln12, i8 %temp_addr" [dft_256/dft.cpp:12]   --->   Operation 27 'store' 'store_ln12' <Predicate = true> <Delay = 3.25> <CoreInst = "RAM">   --->   Core 82 'RAM' <Latency = 1> <II = 1> <Delay = 3.25> <Storage> <Opcode : 'load' 'store'> <Ports = 2> <Width = 32> <Depth = 256> <RAM>
ST_2 : Operation 28 [1/1] (0.00ns)   --->   "%br_ln11 = br void %for.inc" [dft_256/dft.cpp:11]   --->   Operation 28 'br' 'br_ln11' <Predicate = true> <Delay = 0.00>


============================================================
+ Verbose Summary: Timing violations
============================================================
Target clock period: 10ns, clock uncertainty: 2.7ns.

 <State 1>: 4.91ns
The critical path consists of the following:
	'alloca' operation ('n') [5]  (0 ns)
	'load' operation ('n', dft_256/dft.cpp:11) on local variable 'n' [10]  (0 ns)
	'add' operation ('add_ln11', dft_256/dft.cpp:11) [14]  (1.82 ns)
	'store' operation ('store_ln11', dft_256/dft.cpp:11) of variable 'add_ln11', dft_256/dft.cpp:11 on local variable 'n' [28]  (1.59 ns)
	blocking operation 1.5 ns on control path)

 <State 2>: 6.51ns
The critical path consists of the following:
	'load' operation ('real_sample_load', dft_256/dft.cpp:12) on array 'real_sample' [20]  (3.25 ns)
	'store' operation ('store_ln12', dft_256/dft.cpp:12) of variable 'bitcast_ln12', dft_256/dft.cpp:12 on array 'temp' [23]  (3.25 ns)


============================================================
+ Verbose Summary: Binding
============================================================
N/A
* FSMD analyzer results:
  - Output states:
 - Input state : 
  - Chain level:
	State 1
	State 2


============================================================
+ Verbose Summary: Datapath Resource usage 
============================================================
N/A
