

================================================================
== Vitis HLS Report for 'dft'
================================================================
* Date:           Thu Oct 20 19:42:55 2022

* Version:        2022.1 (Build 3526262 on Mon Apr 18 15:48:16 MDT 2022)
* Project:        dft_256
* Solution:       solution2 (Vivado IP Flow Target)
* Product family: zynq
* Target device:  xc7z020-clg484-1


================================================================
== Performance Estimates
================================================================
+ Timing: 
    * Summary: 
    +--------+----------+----------+------------+
    |  Clock |  Target  | Estimated| Uncertainty|
    +--------+----------+----------+------------+
    |ap_clk  |  10.00 ns|  7.256 ns|     2.70 ns|
    +--------+----------+----------+------------+

+ Latency: 
    * Summary: 
    +---------+---------+----------+----------+--------+--------+---------+
    |  Latency (cycles) |  Latency (absolute) |     Interval    | Pipeline|
    |   min   |   max   |    min   |    max   |   min  |   max  |   Type  |
    +---------+---------+----------+----------+--------+--------+---------+
    |   331527|   331527|  3.315 ms|  3.315 ms|  331528|  331528|       no|
    +---------+---------+----------+----------+--------+--------+---------+

    + Detail: 
        * Instance: 
        +-----------------------------------------+------------------------------+---------+---------+-----------+-----------+------+------+---------+
        |                                         |                              |  Latency (cycles) |   Latency (absolute)  |   Interval  | Pipeline|
        |                 Instance                |            Module            |   min   |   max   |    min    |    max    |  min |  max |   Type  |
        +-----------------------------------------+------------------------------+---------+---------+-----------+-----------+------+------+---------+
        |grp_dft_Pipeline_VITIS_LOOP_11_1_fu_90   |dft_Pipeline_VITIS_LOOP_11_1  |      258|      258|   2.580 us|   2.580 us|   258|   258|       no|
        |grp_dft_Pipeline_VITIS_LOOP_26_4_fu_102  |dft_Pipeline_VITIS_LOOP_26_4  |      258|      258|   2.580 us|   2.580 us|   258|   258|       no|
        |grp_dft_Pipeline_VITIS_LOOP_19_3_fu_112  |dft_Pipeline_VITIS_LOOP_19_3  |     1289|     1289|  12.890 us|  12.890 us|  1289|  1289|       no|
        +-----------------------------------------+------------------------------+---------+---------+-----------+-----------+------+------+---------+

        * Loop: 
        +-------------------+---------+---------+----------+-----------+-----------+------+----------+
        |                   |  Latency (cycles) | Iteration|  Initiation Interval  | Trip |          |
        |     Loop Name     |   min   |   max   |  Latency |  achieved |   target  | Count| Pipelined|
        +-------------------+---------+---------+----------+-----------+-----------+------+----------+
        |- VITIS_LOOP_17_2  |   331008|   331008|      1293|          -|          -|   256|        no|
        +-------------------+---------+---------+----------+-----------+-----------+------+----------+



================================================================
== Utilization Estimates
================================================================
* Summary: 
+-----------------+---------+-----+--------+-------+-----+
|       Name      | BRAM_18K| DSP |   FF   |  LUT  | URAM|
+-----------------+---------+-----+--------+-------+-----+
|DSP              |        -|    -|       -|      -|    -|
|Expression       |        -|    -|       0|     25|    -|
|FIFO             |        -|    -|       -|      -|    -|
|Instance         |        2|    5|     884|   1176|    -|
|Memory           |        3|    -|       0|      0|    0|
|Multiplexer      |        -|    -|       -|    281|    -|
|Register         |        -|    -|      91|      -|    -|
+-----------------+---------+-----+--------+-------+-----+
|Total            |        5|    5|     975|   1482|    0|
+-----------------+---------+-----+--------+-------+-----+
|Available        |      280|  220|  106400|  53200|    0|
+-----------------+---------+-----+--------+-------+-----+
|Utilization (%)  |        1|    2|      ~0|      2|    0|
+-----------------+---------+-----+--------+-------+-----+

+ Detail: 
    * Instance: 
    +-----------------------------------------+------------------------------+---------+----+-----+------+-----+
    |                 Instance                |            Module            | BRAM_18K| DSP|  FF |  LUT | URAM|
    +-----------------------------------------+------------------------------+---------+----+-----+------+-----+
    |grp_dft_Pipeline_VITIS_LOOP_11_1_fu_90   |dft_Pipeline_VITIS_LOOP_11_1  |        0|   0|   21|    63|    0|
    |grp_dft_Pipeline_VITIS_LOOP_19_3_fu_112  |dft_Pipeline_VITIS_LOOP_19_3  |        2|   5|  842|  1050|    0|
    |grp_dft_Pipeline_VITIS_LOOP_26_4_fu_102  |dft_Pipeline_VITIS_LOOP_26_4  |        0|   0|   21|    63|    0|
    +-----------------------------------------+------------------------------+---------+----+-----+------+-----+
    |Total                                    |                              |        2|   5|  884|  1176|    0|
    +-----------------------------------------+------------------------------+---------+----+-----+------+-----+

    * DSP: 
    N/A

    * Memory: 
    +---------+---------------------+---------+---+----+-----+------+-----+------+-------------+
    |  Memory |        Module       | BRAM_18K| FF| LUT| URAM| Words| Bits| Banks| W*Bits*Banks|
    +---------+---------------------+---------+---+----+-----+------+-----+------+-------------+
    |sum_r_U  |sum_r_RAM_AUTO_1R1W  |        1|  0|   0|    0|   256|   32|     1|         8192|
    |sum_i_U  |sum_r_RAM_AUTO_1R1W  |        1|  0|   0|    0|   256|   32|     1|         8192|
    |temp_U   |sum_r_RAM_AUTO_1R1W  |        1|  0|   0|    0|   256|   32|     1|         8192|
    +---------+---------------------+---------+---+----+-----+------+-----+------+-------------+
    |Total    |                     |        3|  0|   0|    0|   768|   96|     3|        24576|
    +---------+---------------------+---------+---+----+-----+------+-----+------+-------------+

    * FIFO: 
    N/A

    * Expression: 
    +---------------------+----------+----+---+----+------------+------------+
    |    Variable Name    | Operation| DSP| FF| LUT| Bitwidth P0| Bitwidth P1|
    +---------------------+----------+----+---+----+------------+------------+
    |add_ln17_fu_141_p2   |         +|   0|  0|  14|           9|           1|
    |icmp_ln17_fu_135_p2  |      icmp|   0|  0|  11|           9|          10|
    +---------------------+----------+----+---+----+------------+------------+
    |Total                |          |   0|  0|  25|          18|          11|
    +---------------------+----------+----+---+----+------------+------------+

    * Multiplexer: 
    +----------------------+----+-----------+-----+-----------+
    |         Name         | LUT| Input Size| Bits| Total Bits|
    +----------------------+----+-----------+-----+-----------+
    |ap_NS_fsm             |  42|          8|    1|          8|
    |k_fu_50               |   9|          2|    9|         18|
    |real_sample_address0  |  14|          3|    8|         24|
    |real_sample_ce0       |  14|          3|    1|          3|
    |real_sample_we0       |   9|          2|    1|          2|
    |sum_i_address0        |  25|          5|    8|         40|
    |sum_i_ce0             |  25|          5|    1|          5|
    |sum_i_d0              |  14|          3|   32|         96|
    |sum_i_we0             |  14|          3|    1|          3|
    |sum_r_address0        |  25|          5|    8|         40|
    |sum_r_ce0             |  25|          5|    1|          5|
    |sum_r_d0              |  14|          3|   32|         96|
    |sum_r_we0             |  14|          3|    1|          3|
    |temp_address0         |  14|          3|    8|         24|
    |temp_ce0              |  14|          3|    1|          3|
    |temp_we0              |   9|          2|    1|          2|
    +----------------------+----+-----------+-----+-----------+
    |Total                 | 281|         58|  114|        372|
    +----------------------+----+-----------+-----+-----------+

    * Register: 
    +------------------------------------------------------+----+----+-----+-----------+
    |                         Name                         | FF | LUT| Bits| Const Bits|
    +------------------------------------------------------+----+----+-----+-----------+
    |ap_CS_fsm                                             |   7|   0|    7|          0|
    |grp_dft_Pipeline_VITIS_LOOP_11_1_fu_90_ap_start_reg   |   1|   0|    1|          0|
    |grp_dft_Pipeline_VITIS_LOOP_19_3_fu_112_ap_start_reg  |   1|   0|    1|          0|
    |grp_dft_Pipeline_VITIS_LOOP_26_4_fu_102_ap_start_reg  |   1|   0|    1|          0|
    |k_fu_50                                               |   9|   0|    9|          0|
    |sum_i_load_reg_193                                    |  32|   0|   32|          0|
    |sum_r_load_reg_188                                    |  32|   0|   32|          0|
    |trunc_ln20_reg_172                                    |   8|   0|    8|          0|
    +------------------------------------------------------+----+----+-----+-----------+
    |Total                                                 |  91|   0|   91|          0|
    +------------------------------------------------------+----+----+-----+-----------+



================================================================
== Interface
================================================================
* Summary: 
+----------------------+-----+-----+------------+--------------+--------------+
|       RTL Ports      | Dir | Bits|  Protocol  | Source Object|    C Type    |
+----------------------+-----+-----+------------+--------------+--------------+
|ap_clk                |   in|    1|  ap_ctrl_hs|           dft|  return value|
|ap_rst                |   in|    1|  ap_ctrl_hs|           dft|  return value|
|ap_start              |   in|    1|  ap_ctrl_hs|           dft|  return value|
|ap_done               |  out|    1|  ap_ctrl_hs|           dft|  return value|
|ap_idle               |  out|    1|  ap_ctrl_hs|           dft|  return value|
|ap_ready              |  out|    1|  ap_ctrl_hs|           dft|  return value|
|real_sample_address0  |  out|    8|   ap_memory|   real_sample|         array|
|real_sample_ce0       |  out|    1|   ap_memory|   real_sample|         array|
|real_sample_we0       |  out|    1|   ap_memory|   real_sample|         array|
|real_sample_d0        |  out|   32|   ap_memory|   real_sample|         array|
|real_sample_q0        |   in|   32|   ap_memory|   real_sample|         array|
|imag_sample_address0  |  out|    8|   ap_memory|   imag_sample|         array|
|imag_sample_ce0       |  out|    1|   ap_memory|   imag_sample|         array|
|imag_sample_we0       |  out|    1|   ap_memory|   imag_sample|         array|
|imag_sample_d0        |  out|   32|   ap_memory|   imag_sample|         array|
+----------------------+-----+-----+------------+--------------+--------------+

