

================================================================
== Synthesis Summary Report of 'dft'
================================================================
+ General Information: 
    * Date:           Fri Oct 21 13:15:53 2022
    * Version:        2022.1 (Build 3526262 on Mon Apr 18 15:48:16 MDT 2022)
    * Project:        dft_256
    * Solution:       solution3 (Vivado IP Flow Target)
    * Product family: zynq
    * Target device:  xc7z020-clg484-1
    

+ Performance & Resource Estimates: 
    
    PS: '+' for module; 'o' for loop; '*' for dataflow
    +----------------------------------+------+------+---------+-----------+----------+---------+------+----------+---------+--------+------------+-----------+-----+
    |              Modules             | Issue|      | Latency |  Latency  | Iteration|         | Trip |          |         |        |            |           |     |
    |              & Loops             | Type | Slack| (cycles)|    (ns)   |  Latency | Interval| Count| Pipelined|  BRAM   |   DSP  |     FF     |    LUT    | URAM|
    +----------------------------------+------+------+---------+-----------+----------+---------+------+----------+---------+--------+------------+-----------+-----+
    |+ dft                             |     -|  0.04|   331268|  3.313e+06|         -|   331269|     -|        no|   3 (1%)|  5 (2%)|  1016 (~0%)|  1295 (2%)|    -|
    | + dft_Pipeline_VITIS_LOOP_11_1   |     -|  0.79|      258|  2.580e+03|         -|      258|     -|        no|        -|       -|    21 (~0%)|   63 (~0%)|    -|
    |  o VITIS_LOOP_11_1               |     -|  7.30|      256|  2.560e+03|         2|        1|   256|       yes|        -|       -|           -|          -|    -|
    | o VITIS_LOOP_15_2                |     -|  7.30|   331008|  3.310e+06|      1293|        -|   256|        no|        -|       -|           -|          -|    -|
    |  + dft_Pipeline_VITIS_LOOP_17_3  |     -|  0.04|     1289|  1.289e+04|         -|     1289|     -|        no|  2 (~0%)|  5 (2%)|   842 (~0%)|  1050 (1%)|    -|
    |   o VITIS_LOOP_17_3              |    II|  7.30|     1287|  1.287e+04|        13|        5|   256|       yes|        -|       -|           -|          -|    -|
    +----------------------------------+------+------+---------+-----------+----------+---------+------+----------+---------+--------+------------+-----------+-----+


================================================================
== HW Interfaces
================================================================
* AP_MEMORY
+----------------------+----------+
| Interface            | Bitwidth |
+----------------------+----------+
| imag_output_address0 | 8        |
| imag_output_d0       | 32       |
| imag_output_q0       | 32       |
| imag_sample_address0 | 8        |
| imag_sample_address1 | 8        |
| imag_sample_d0       | 32       |
| imag_sample_d1       | 32       |
| imag_sample_q0       | 32       |
| imag_sample_q1       | 32       |
| real_output_address0 | 8        |
| real_output_d0       | 32       |
| real_output_q0       | 32       |
| real_sample_address0 | 8        |
| real_sample_q0       | 32       |
+----------------------+----------+

* TOP LEVEL CONTROL
+-----------+------------+-----------------------------------+
| Interface | Type       | Ports                             |
+-----------+------------+-----------------------------------+
| ap_clk    | clock      | ap_clk                            |
| ap_rst    | reset      | ap_rst                            |
| ap_ctrl   | ap_ctrl_hs | ap_done ap_idle ap_ready ap_start |
+-----------+------------+-----------------------------------+


================================================================
== SW I/O Information
================================================================
* Top Function Arguments
+-------------+-----------+----------+
| Argument    | Direction | Datatype |
+-------------+-----------+----------+
| real_sample | in        | float*   |
| imag_sample | unused    | float*   |
| real_output | inout     | float*   |
| imag_output | inout     | float*   |
+-------------+-----------+----------+

* SW-to-HW Mapping
+-------------+----------------------+---------+----------+
| Argument    | HW Interface         | HW Type | HW Usage |
+-------------+----------------------+---------+----------+
| real_sample | real_sample_address0 | port    | offset   |
| real_sample | real_sample_ce0      | port    |          |
| real_sample | real_sample_q0       | port    |          |
| imag_sample | imag_sample_address0 | port    | offset   |
| imag_sample | imag_sample_ce0      | port    |          |
| imag_sample | imag_sample_we0      | port    |          |
| imag_sample | imag_sample_d0       | port    |          |
| imag_sample | imag_sample_q0       | port    |          |
| imag_sample | imag_sample_address1 | port    | offset   |
| imag_sample | imag_sample_ce1      | port    |          |
| imag_sample | imag_sample_we1      | port    |          |
| imag_sample | imag_sample_d1       | port    |          |
| imag_sample | imag_sample_q1       | port    |          |
| real_output | real_output_address0 | port    | offset   |
| real_output | real_output_ce0      | port    |          |
| real_output | real_output_we0      | port    |          |
| real_output | real_output_d0       | port    |          |
| real_output | real_output_q0       | port    |          |
| imag_output | imag_output_address0 | port    | offset   |
| imag_output | imag_output_ce0      | port    |          |
| imag_output | imag_output_we0      | port    |          |
| imag_output | imag_output_d0       | port    |          |
| imag_output | imag_output_q0       | port    |          |
+-------------+----------------------+---------+----------+


================================================================
== Bind Op Report
================================================================
+--------------------------------------+-----+--------+----------+------+---------+---------+
| Name                                 | DSP | Pragma | Variable | Op   | Impl    | Latency |
+--------------------------------------+-----+--------+----------+------+---------+---------+
| + dft                                | 5   |        |          |      |         |         |
|   add_ln15_fu_125_p2                 | -   |        | add_ln15 | add  | fabric  | 0       |
|  + dft_Pipeline_VITIS_LOOP_11_1      | 0   |        |          |      |         |         |
|    add_ln11_fu_80_p2                 | -   |        | add_ln11 | add  | fabric  | 0       |
|  + dft_Pipeline_VITIS_LOOP_17_3      | 5   |        |          |      |         |         |
|    add_ln17_fu_206_p2                | -   |        | add_ln17 | add  | fabric  | 0       |
|    add_ln18_fu_220_p2                | -   |        | add_ln18 | add  | fabric  | 0       |
|    fmul_32ns_32ns_32_4_max_dsp_1_U4  | 3   |        | mul      | fmul | maxdsp  | 3       |
|    fadd_32ns_32ns_32_5_full_dsp_1_U3 | 2   |        | add      | fadd | fulldsp | 4       |
|    fmul_32ns_32ns_32_4_max_dsp_1_U4  | 3   |        | mul1     | fmul | maxdsp  | 3       |
|    fadd_32ns_32ns_32_5_full_dsp_1_U3 | 2   |        | add1     | fadd | fulldsp | 4       |
+--------------------------------------+-----+--------+----------+------+---------+---------+


================================================================
== Bind Storage Report
================================================================
+---------------------------------+------+------+--------+------------------------+---------+------+---------+
| Name                            | BRAM | URAM | Pragma | Variable               | Storage | Impl | Latency |
+---------------------------------+------+------+--------+------------------------+---------+------+---------+
| + dft                           | 3    | 0    |        |                        |         |      |         |
|   temp_U                        | 2    | -    |        | temp                   | ram_1p  | auto | 1       |
|  + dft_Pipeline_VITIS_LOOP_17_3 | 2    | 0    |        |                        |         |      |         |
|    cos_coefficients_table_U     | 1    | -    |        | cos_coefficients_table | rom_1p  | auto | 1       |
|    sin_coefficients_table_U     | 1    | -    |        | sin_coefficients_table | rom_1p  | auto | 1       |
+---------------------------------+------+------+--------+------------------------+---------+------+---------+


================================================================
== Pragma Report
================================================================
  No pragmas found

