

================================================================
== Vitis HLS Report for 'dft_Pipeline_VITIS_LOOP_17_3'
================================================================
* Date:           Fri Oct 21 13:15:53 2022

* Version:        2022.1 (Build 3526262 on Mon Apr 18 15:48:16 MDT 2022)
* Project:        dft_256
* Solution:       solution3 (Vivado IP Flow Target)
* Product family: zynq
* Target device:  xc7z020-clg484-1


================================================================
== Performance Estimates
================================================================
+ Timing: 
    * Summary: 
    +--------+----------+----------+------------+
    |  Clock |  Target  | Estimated| Uncertainty|
    +--------+----------+----------+------------+
    |ap_clk  |  10.00 ns|  7.256 ns|     2.70 ns|
    +--------+----------+----------+------------+

+ Latency: 
    * Summary: 
    +---------+---------+-----------+-----------+------+------+---------+
    |  Latency (cycles) |   Latency (absolute)  |   Interval  | Pipeline|
    |   min   |   max   |    min    |    max    |  min |  max |   Type  |
    +---------+---------+-----------+-----------+------+------+---------+
    |     1289|     1289|  12.890 us|  12.890 us|  1289|  1289|       no|
    +---------+---------+-----------+-----------+------+------+---------+

    + Detail: 
        * Instance: 
        N/A

        * Loop: 
        +-------------------+---------+---------+----------+-----------+-----------+------+----------+
        |                   |  Latency (cycles) | Iteration|  Initiation Interval  | Trip |          |
        |     Loop Name     |   min   |   max   |  Latency |  achieved |   target  | Count| Pipelined|
        +-------------------+---------+---------+----------+-----------+-----------+------+----------+
        |- VITIS_LOOP_17_3  |     1287|     1287|        13|          5|          1|   256|       yes|
        +-------------------+---------+---------+----------+-----------+-----------+------+----------+



================================================================
== Utilization Estimates
================================================================
* Summary: 
+-----------------+---------+-----+--------+-------+-----+
|       Name      | BRAM_18K| DSP |   FF   |  LUT  | URAM|
+-----------------+---------+-----+--------+-------+-----+
|DSP              |        -|    -|       -|      -|    -|
|Expression       |        -|    -|       0|     53|    -|
|FIFO             |        -|    -|       -|      -|    -|
|Instance         |        -|    5|     348|    711|    -|
|Memory           |        2|    -|       0|      0|    -|
|Multiplexer      |        -|    -|       -|    190|    -|
|Register         |        -|    -|     494|     96|    -|
+-----------------+---------+-----+--------+-------+-----+
|Total            |        2|    5|     842|   1050|    0|
+-----------------+---------+-----+--------+-------+-----+
|Available        |      280|  220|  106400|  53200|    0|
+-----------------+---------+-----+--------+-------+-----+
|Utilization (%)  |       ~0|    2|      ~0|      1|    0|
+-----------------+---------+-----+--------+-------+-----+

+ Detail: 
    * Instance: 
    +-----------------------------------+--------------------------------+---------+----+-----+-----+-----+
    |              Instance             |             Module             | BRAM_18K| DSP|  FF | LUT | URAM|
    +-----------------------------------+--------------------------------+---------+----+-----+-----+-----+
    |fadd_32ns_32ns_32_5_full_dsp_1_U3  |fadd_32ns_32ns_32_5_full_dsp_1  |        0|   2|  205|  390|    0|
    |fmul_32ns_32ns_32_4_max_dsp_1_U4   |fmul_32ns_32ns_32_4_max_dsp_1   |        0|   3|  143|  321|    0|
    +-----------------------------------+--------------------------------+---------+----+-----+-----+-----+
    |Total                              |                                |        0|   5|  348|  711|    0|
    +-----------------------------------+--------------------------------+---------+----+-----+-----+-----+

    * DSP: 
    N/A

    * Memory: 
    +--------------------------+-----------------------------------------------------------------+---------+---+----+-----+------+-----+------+-------------+
    |          Memory          |                              Module                             | BRAM_18K| FF| LUT| URAM| Words| Bits| Banks| W*Bits*Banks|
    +--------------------------+-----------------------------------------------------------------+---------+---+----+-----+------+-----+------+-------------+
    |cos_coefficients_table_U  |dft_Pipeline_VITIS_LOOP_17_3_cos_coefficients_table_ROM_AUTO_1R  |        1|  0|   0|    0|   256|   32|     1|         8192|
    |sin_coefficients_table_U  |dft_Pipeline_VITIS_LOOP_17_3_sin_coefficients_table_ROM_AUTO_1R  |        1|  0|   0|    0|   256|   32|     1|         8192|
    +--------------------------+-----------------------------------------------------------------+---------+---+----+-----+------+-----+------+-------------+
    |Total                     |                                                                 |        2|  0|   0|    0|   512|   64|     2|        16384|
    +--------------------------+-----------------------------------------------------------------+---------+---+----+-----+------+-----+------+-------------+

    * FIFO: 
    N/A

    * Expression: 
    +---------------------+----------+----+---+----+------------+------------+
    |    Variable Name    | Operation| DSP| FF| LUT| Bitwidth P0| Bitwidth P1|
    +---------------------+----------+----+---+----+------------+------------+
    |add_ln17_fu_206_p2   |         +|   0|  0|  14|           9|           1|
    |add_ln18_fu_220_p2   |         +|   0|  0|  15|           8|           8|
    |icmp_ln17_fu_200_p2  |      icmp|   0|  0|  11|           9|          10|
    |ifzero_fu_232_p2     |      icmp|   0|  0|  11|           9|          10|
    |ap_enable_pp0        |       xor|   0|  0|   2|           1|           2|
    +---------------------+----------+----+---+----+------------+------------+
    |Total                |          |   0|  0|  53|          36|          31|
    +---------------------+----------+----+---+----+------------+------------+

    * Multiplexer: 
    +----------------------------------+----+-----------+-----+-----------+
    |               Name               | LUT| Input Size| Bits| Total Bits|
    +----------------------------------+----+-----------+-----+-----------+
    |add235_fu_64                      |   9|          2|   32|         64|
    |add4_fu_60                        |   9|          2|   32|         64|
    |ap_NS_fsm                         |  31|          6|    1|          6|
    |ap_done_int                       |   9|          2|    1|          2|
    |ap_enable_reg_pp0_iter0           |   9|          2|    1|          2|
    |ap_enable_reg_pp0_iter1           |   9|          2|    1|          2|
    |ap_enable_reg_pp0_iter2           |   9|          2|    1|          2|
    |ap_loop_exit_ready_pp0_iter1_reg  |   9|          2|    1|          2|
    |ap_sig_allocacmp_add235_load      |   9|          2|   32|         64|
    |ap_sig_allocacmp_add4_load        |   9|          2|   32|         64|
    |ap_sig_allocacmp_index_load       |   9|          2|    8|         16|
    |ap_sig_allocacmp_n_1              |   9|          2|    9|         18|
    |grp_fu_159_p0                     |  14|          3|   32|         96|
    |grp_fu_159_p1                     |  14|          3|   32|         96|
    |grp_fu_163_p1                     |  14|          3|   32|         96|
    |index_fu_56                       |   9|          2|    8|         16|
    |n_fu_68                           |   9|          2|    9|         18|
    +----------------------------------+----+-----------+-----+-----------+
    |Total                             | 190|         41|  264|        628|
    +----------------------------------+----+-----------+-----+-----------+

    * Register: 
    +-------------------------------------+----+----+-----+-----------+
    |                 Name                | FF | LUT| Bits| Const Bits|
    +-------------------------------------+----+----+-----+-----------+
    |add235_fu_64                         |  32|   0|   32|          0|
    |add4_fu_60                           |  32|   0|   32|          0|
    |ap_CS_fsm                            |   5|   0|    5|          0|
    |ap_done_reg                          |   1|   0|    1|          0|
    |ap_enable_reg_pp0_iter0_reg          |   1|   0|    1|          0|
    |ap_enable_reg_pp0_iter1              |   1|   0|    1|          0|
    |ap_enable_reg_pp0_iter2              |   1|   0|    1|          0|
    |ap_loop_exit_ready_pp0_iter1_reg     |   1|   0|    1|          0|
    |cos_coefficients_table_load_reg_342  |  32|   0|   32|          0|
    |icmp_ln17_reg_314                    |   1|   0|    1|          0|
    |icmp_ln17_reg_314_pp0_iter1_reg      |   1|   0|    1|          0|
    |ifzero_reg_333                       |   1|   0|    1|          0|
    |imag_output_addr_reg_304             |   8|   0|    8|          0|
    |index_fu_56                          |   8|   0|    8|          0|
    |mul1_reg_362                         |  32|   0|   32|          0|
    |mul_reg_352                          |  32|   0|   32|          0|
    |n_fu_68                              |   9|   0|    9|          0|
    |real_output_addr_reg_309             |   8|   0|    8|          0|
    |reg_167                              |  32|   0|   32|          0|
    |sin_coefficients_table_load_reg_347  |  32|   0|   32|          0|
    |temp_load_reg_337                    |  32|   0|   32|          0|
    |ifzero_reg_333                       |  64|  32|    1|          0|
    |imag_output_addr_reg_304             |  64|  32|    8|          0|
    |real_output_addr_reg_309             |  64|  32|    8|          0|
    +-------------------------------------+----+----+-----+-----------+
    |Total                                | 494|  96|  319|          0|
    +-------------------------------------+----+----+-----+-----------+



================================================================
== Interface
================================================================
* Summary: 
+----------------------+-----+-----+------------+------------------------------+--------------+
|       RTL Ports      | Dir | Bits|  Protocol  |         Source Object        |    C Type    |
+----------------------+-----+-----+------------+------------------------------+--------------+
|ap_clk                |   in|    1|  ap_ctrl_hs|  dft_Pipeline_VITIS_LOOP_17_3|  return value|
|ap_rst                |   in|    1|  ap_ctrl_hs|  dft_Pipeline_VITIS_LOOP_17_3|  return value|
|ap_start              |   in|    1|  ap_ctrl_hs|  dft_Pipeline_VITIS_LOOP_17_3|  return value|
|ap_done               |  out|    1|  ap_ctrl_hs|  dft_Pipeline_VITIS_LOOP_17_3|  return value|
|ap_idle               |  out|    1|  ap_ctrl_hs|  dft_Pipeline_VITIS_LOOP_17_3|  return value|
|ap_ready              |  out|    1|  ap_ctrl_hs|  dft_Pipeline_VITIS_LOOP_17_3|  return value|
|bitcast_ln20          |   in|   32|     ap_none|                  bitcast_ln20|        scalar|
|bitcast_ln19          |   in|   32|     ap_none|                  bitcast_ln19|        scalar|
|imag_output_address0  |  out|    8|   ap_memory|                   imag_output|         array|
|imag_output_ce0       |  out|    1|   ap_memory|                   imag_output|         array|
|imag_output_we0       |  out|    1|   ap_memory|                   imag_output|         array|
|imag_output_d0        |  out|   32|   ap_memory|                   imag_output|         array|
|zext_ln15             |   in|    8|     ap_none|                     zext_ln15|        scalar|
|real_output_address0  |  out|    8|   ap_memory|                   real_output|         array|
|real_output_ce0       |  out|    1|   ap_memory|                   real_output|         array|
|real_output_we0       |  out|    1|   ap_memory|                   real_output|         array|
|real_output_d0        |  out|   32|   ap_memory|                   real_output|         array|
|trunc_ln              |   in|    8|     ap_none|                      trunc_ln|        scalar|
|temp_address0         |  out|    8|   ap_memory|                          temp|         array|
|temp_ce0              |  out|    1|   ap_memory|                          temp|         array|
|temp_q0               |   in|   32|   ap_memory|                          temp|         array|
+----------------------+-----+-----+------------+------------------------------+--------------+

