

================================================================
== Vitis HLS Report for 'dft'
================================================================
* Date:           Thu Oct 20 18:56:02 2022

* Version:        2022.1 (Build 3526262 on Mon Apr 18 15:48:16 MDT 2022)
* Project:        dft_256
* Solution:       solution1 (Vivado IP Flow Target)
* Product family: zynq
* Target device:  xc7z020-clg484-1


================================================================
== Performance Estimates
================================================================
+ Timing: 
    * Summary: 
    +--------+----------+----------+------------+
    |  Clock |  Target  | Estimated| Uncertainty|
    +--------+----------+----------+------------+
    |ap_clk  |  10.00 ns|  7.256 ns|     2.70 ns|
    +--------+----------+----------+------------+

+ Latency: 
    * Summary: 
    +---------+---------+----------+----------+--------+--------+---------+
    |  Latency (cycles) |  Latency (absolute) |     Interval    | Pipeline|
    |   min   |   max   |    min   |    max   |   min  |   max  |   Type  |
    +---------+---------+----------+----------+--------+--------+---------+
    |   342791|   342791|  3.428 ms|  3.428 ms|  342792|  342792|       no|
    +---------+---------+----------+----------+--------+--------+---------+

    + Detail: 
        * Instance: 
        N/A

        * Loop: 
        +-------------------+---------+---------+----------+-----------+-----------+------+----------+
        |                   |  Latency (cycles) | Iteration|  Initiation Interval  | Trip |          |
        |     Loop Name     |   min   |   max   |  Latency |  achieved |   target  | Count| Pipelined|
        +-------------------+---------+---------+----------+-----------+-----------+------+----------+
        |- VITIS_LOOP_18_2  |   342272|   342272|      1337|          -|          -|   256|        no|
        +-------------------+---------+---------+----------+-----------+-----------+------+----------+

============================================================
+ Verbose Summary: Synthesis Manager
============================================================
InlineROM: 1
ExposeGlobal: 0
============================================================
+ Verbose Summary: CDFG Model
============================================================
IsTopModel: 1
ResetActiveHigh: 1
IsCombinational: 0
IsDatapathOnly: 0
HasWiredReturn: 1
HasMFsm: 0
HasVarLatency: 1
IsPipeline: 0
IsRtlPipelined: 0
IsInstanceOverlapped: 0
IsDontTouch: 0
HasImplIP: 0
IsGatedGlobalClock: 0


============================================================
+ Verbose Summary: Schedule
============================================================
* Number of FSM states : 7
* Pipeline : 0
* Dataflow Pipeline: 0

* FSM state transitions: 
1 --> 2 
2 --> 3 
3 --> 4 7 
4 --> 5 
5 --> 6 
6 --> 3 
7 --> 

* FSM state operations: 

State 1 <SV = 0> <Delay = 1.58>
ST_1 : Operation 8 [1/1] (0.00ns)   --->   "%k = alloca i32 1"   --->   Operation 8 'alloca' 'k' <Predicate = true> <Delay = 0.00>
ST_1 : Operation 9 [1/1] (0.00ns)   --->   "%sum_r = alloca i64 1" [dft_256/dft.cpp:10]   --->   Operation 9 'alloca' 'sum_r' <Predicate = true> <Delay = 0.00> <CoreInst = "RAM">   --->   Core 82 'RAM' <Latency = 1> <II = 1> <Delay = 3.25> <Storage> <Opcode : 'load' 'store'> <Ports = 2> <Width = 32> <Depth = 256> <RAM>
ST_1 : Operation 10 [1/1] (0.00ns)   --->   "%sum_i = alloca i64 1" [dft_256/dft.cpp:10]   --->   Operation 10 'alloca' 'sum_i' <Predicate = true> <Delay = 0.00> <CoreInst = "RAM">   --->   Core 82 'RAM' <Latency = 1> <II = 1> <Delay = 3.25> <Storage> <Opcode : 'load' 'store'> <Ports = 2> <Width = 32> <Depth = 256> <RAM>
ST_1 : Operation 11 [1/1] (0.00ns)   --->   "%temp = alloca i64 1" [dft_256/dft.cpp:10]   --->   Operation 11 'alloca' 'temp' <Predicate = true> <Delay = 0.00>
ST_1 : Operation 12 [2/2] (0.00ns)   --->   "%call_ln0 = call void @dft_Pipeline_VITIS_LOOP_12_1, i32 %real_sample, i32 %temp, i32 %sum_r, i32 %sum_i"   --->   Operation 12 'call' 'call_ln0' <Predicate = true> <Delay = 0.00> <CoreType = "Generic">   --->   Core 0 '' <Latency = 0> <II = 1> <Delay = 1.00> <Generic> <Opcode : >
ST_1 : Operation 13 [1/1] (1.58ns)   --->   "%store_ln18 = store i9 0, i9 %k" [dft_256/dft.cpp:18]   --->   Operation 13 'store' 'store_ln18' <Predicate = true> <Delay = 1.58>

State 2 <SV = 1> <Delay = 0.00>
ST_2 : Operation 14 [1/1] (0.00ns)   --->   "%spectopmodule_ln5 = spectopmodule void @_ssdm_op_SpecTopModule, void @empty_1" [dft_256/dft.cpp:5]   --->   Operation 14 'spectopmodule' 'spectopmodule_ln5' <Predicate = true> <Delay = 0.00>
ST_2 : Operation 15 [1/1] (0.00ns)   --->   "%specinterface_ln0 = specinterface void @_ssdm_op_SpecInterface, i32 %real_sample, void @empty, i32 0, i32 0, void @empty_0, i32 4294967295, i32 0, void @empty_0, void @empty_0, void @empty_0, i32 0, i32 0, i32 0, i32 0, void @empty_0, void @empty_0, i32 4294967295, i32 0"   --->   Operation 15 'specinterface' 'specinterface_ln0' <Predicate = true> <Delay = 0.00>
ST_2 : Operation 16 [1/1] (0.00ns)   --->   "%specbitsmap_ln0 = specbitsmap void @_ssdm_op_SpecBitsMap, i32 %real_sample"   --->   Operation 16 'specbitsmap' 'specbitsmap_ln0' <Predicate = true> <Delay = 0.00>
ST_2 : Operation 17 [1/1] (0.00ns)   --->   "%specinterface_ln0 = specinterface void @_ssdm_op_SpecInterface, i32 %imag_sample, void @empty, i32 0, i32 0, void @empty_0, i32 4294967295, i32 0, void @empty_0, void @empty_0, void @empty_0, i32 0, i32 0, i32 0, i32 0, void @empty_0, void @empty_0, i32 4294967295, i32 0"   --->   Operation 17 'specinterface' 'specinterface_ln0' <Predicate = true> <Delay = 0.00>
ST_2 : Operation 18 [1/1] (0.00ns)   --->   "%specbitsmap_ln0 = specbitsmap void @_ssdm_op_SpecBitsMap, i32 %imag_sample"   --->   Operation 18 'specbitsmap' 'specbitsmap_ln0' <Predicate = true> <Delay = 0.00>
ST_2 : Operation 19 [1/2] (0.00ns)   --->   "%call_ln0 = call void @dft_Pipeline_VITIS_LOOP_12_1, i32 %real_sample, i32 %temp, i32 %sum_r, i32 %sum_i"   --->   Operation 19 'call' 'call_ln0' <Predicate = true> <Delay = 0.00> <CoreType = "Generic">   --->   Core 0 '' <Latency = 0> <II = 1> <Delay = 1.00> <Generic> <Opcode : >
ST_2 : Operation 20 [1/1] (0.00ns)   --->   "%br_ln18 = br void %VITIS_LOOP_20_3" [dft_256/dft.cpp:18]   --->   Operation 20 'br' 'br_ln18' <Predicate = true> <Delay = 0.00>

State 3 <SV = 2> <Delay = 3.41>
ST_3 : Operation 21 [1/1] (0.00ns)   --->   "%k_1 = load i9 %k" [dft_256/dft.cpp:21]   --->   Operation 21 'load' 'k_1' <Predicate = true> <Delay = 0.00>
ST_3 : Operation 22 [1/1] (1.66ns)   --->   "%icmp_ln18 = icmp_eq  i9 %k_1, i9 256" [dft_256/dft.cpp:18]   --->   Operation 22 'icmp' 'icmp_ln18' <Predicate = true> <Delay = 1.66> <CoreInst = "Cmp">   --->   Core 9 'Cmp' <Latency = 0> <II = 1> <Delay = 1.66> <FuncUnit> <Opcode : 'icmp'> <InPorts = 2> <OutPorts = 1>
ST_3 : Operation 23 [1/1] (0.00ns)   --->   "%empty = speclooptripcount i32 @_ssdm_op_SpecLoopTripCount, i64 256, i64 256, i64 256"   --->   Operation 23 'speclooptripcount' 'empty' <Predicate = true> <Delay = 0.00>
ST_3 : Operation 24 [1/1] (1.82ns)   --->   "%add_ln18 = add i9 %k_1, i9 1" [dft_256/dft.cpp:18]   --->   Operation 24 'add' 'add_ln18' <Predicate = true> <Delay = 1.82> <CoreInst = "Adder">   --->   Core 1 'Adder' <Latency = 0> <II = 1> <Delay = 1.82> <FuncUnit> <Opcode : 'add' 'sub'> <InPorts = 2> <OutPorts = 1>
ST_3 : Operation 25 [1/1] (0.00ns)   --->   "%br_ln18 = br i1 %icmp_ln18, void %VITIS_LOOP_20_3.split, void %for.inc44.preheader" [dft_256/dft.cpp:18]   --->   Operation 25 'br' 'br_ln18' <Predicate = true> <Delay = 0.00>
ST_3 : Operation 26 [1/1] (0.00ns)   --->   "%zext_ln18 = zext i9 %k_1" [dft_256/dft.cpp:18]   --->   Operation 26 'zext' 'zext_ln18' <Predicate = (!icmp_ln18)> <Delay = 0.00>
ST_3 : Operation 27 [1/1] (0.00ns)   --->   "%trunc_ln21 = trunc i9 %k_1" [dft_256/dft.cpp:21]   --->   Operation 27 'trunc' 'trunc_ln21' <Predicate = (!icmp_ln18)> <Delay = 0.00>
ST_3 : Operation 28 [1/1] (0.00ns)   --->   "%sum_r_addr = getelementptr i32 %sum_r, i64 0, i64 %zext_ln18" [dft_256/dft.cpp:18]   --->   Operation 28 'getelementptr' 'sum_r_addr' <Predicate = (!icmp_ln18)> <Delay = 0.00>
ST_3 : Operation 29 [1/1] (0.00ns)   --->   "%sum_i_addr = getelementptr i32 %sum_i, i64 0, i64 %zext_ln18" [dft_256/dft.cpp:18]   --->   Operation 29 'getelementptr' 'sum_i_addr' <Predicate = (!icmp_ln18)> <Delay = 0.00>
ST_3 : Operation 30 [2/2] (3.25ns)   --->   "%sum_r_load = load i8 %sum_r_addr" [dft_256/dft.cpp:22]   --->   Operation 30 'load' 'sum_r_load' <Predicate = (!icmp_ln18)> <Delay = 3.25> <CoreInst = "RAM">   --->   Core 82 'RAM' <Latency = 1> <II = 1> <Delay = 3.25> <Storage> <Opcode : 'load' 'store'> <Ports = 2> <Width = 32> <Depth = 256> <RAM>
ST_3 : Operation 31 [2/2] (3.25ns)   --->   "%sum_i_load = load i8 %sum_i_addr" [dft_256/dft.cpp:23]   --->   Operation 31 'load' 'sum_i_load' <Predicate = (!icmp_ln18)> <Delay = 3.25> <CoreInst = "RAM">   --->   Core 82 'RAM' <Latency = 1> <II = 1> <Delay = 3.25> <Storage> <Opcode : 'load' 'store'> <Ports = 2> <Width = 32> <Depth = 256> <RAM>
ST_3 : Operation 32 [1/1] (1.58ns)   --->   "%store_ln18 = store i9 %add_ln18, i9 %k" [dft_256/dft.cpp:18]   --->   Operation 32 'store' 'store_ln18' <Predicate = (!icmp_ln18)> <Delay = 1.58>
ST_3 : Operation 33 [2/2] (0.00ns)   --->   "%call_ln0 = call void @dft_Pipeline_VITIS_LOOP_31_4, i32 %sum_r, i32 %real_sample, i32 %sum_i, i32 %imag_sample"   --->   Operation 33 'call' 'call_ln0' <Predicate = (icmp_ln18)> <Delay = 0.00> <CoreType = "Generic">   --->   Core 0 '' <Latency = 0> <II = 1> <Delay = 1.00> <Generic> <Opcode : >

State 4 <SV = 3> <Delay = 3.25>
ST_4 : Operation 34 [1/2] (3.25ns)   --->   "%sum_r_load = load i8 %sum_r_addr" [dft_256/dft.cpp:22]   --->   Operation 34 'load' 'sum_r_load' <Predicate = true> <Delay = 3.25> <CoreInst = "RAM">   --->   Core 82 'RAM' <Latency = 1> <II = 1> <Delay = 3.25> <Storage> <Opcode : 'load' 'store'> <Ports = 2> <Width = 32> <Depth = 256> <RAM>
ST_4 : Operation 35 [1/2] (3.25ns)   --->   "%sum_i_load = load i8 %sum_i_addr" [dft_256/dft.cpp:23]   --->   Operation 35 'load' 'sum_i_load' <Predicate = true> <Delay = 3.25> <CoreInst = "RAM">   --->   Core 82 'RAM' <Latency = 1> <II = 1> <Delay = 3.25> <Storage> <Opcode : 'load' 'store'> <Ports = 2> <Width = 32> <Depth = 256> <RAM>

State 5 <SV = 4> <Delay = 2.07>
ST_5 : Operation 36 [2/2] (2.07ns)   --->   "%call_ln23 = call void @dft_Pipeline_VITIS_LOOP_20_3, i32 %sum_i_load, i32 %sum_r_load, i32 %sum_i, i8 %trunc_ln21, i32 %sum_r, i8 %trunc_ln21, i32 %temp, i100 %ref_4oPi_table_100_V, i30 %second_order_float_sin_cos_K0_V, i23 %second_order_float_sin_cos_K1_V, i15 %second_order_float_sin_cos_K2_V" [dft_256/dft.cpp:23]   --->   Operation 36 'call' 'call_ln23' <Predicate = true> <Delay = 2.07> <CoreType = "Generic">   --->   Core 0 '' <Latency = 0> <II = 1> <Delay = 1.00> <Generic> <Opcode : >

State 6 <SV = 5> <Delay = 0.00>
ST_6 : Operation 37 [1/1] (0.00ns)   --->   "%specloopname_ln7 = specloopname void @_ssdm_op_SpecLoopName, void @empty_4" [dft_256/dft.cpp:7]   --->   Operation 37 'specloopname' 'specloopname_ln7' <Predicate = true> <Delay = 0.00>
ST_6 : Operation 38 [1/2] (0.00ns)   --->   "%call_ln23 = call void @dft_Pipeline_VITIS_LOOP_20_3, i32 %sum_i_load, i32 %sum_r_load, i32 %sum_i, i8 %trunc_ln21, i32 %sum_r, i8 %trunc_ln21, i32 %temp, i100 %ref_4oPi_table_100_V, i30 %second_order_float_sin_cos_K0_V, i23 %second_order_float_sin_cos_K1_V, i15 %second_order_float_sin_cos_K2_V" [dft_256/dft.cpp:23]   --->   Operation 38 'call' 'call_ln23' <Predicate = true> <Delay = 0.00> <CoreType = "Generic">   --->   Core 0 '' <Latency = 0> <II = 1> <Delay = 1.00> <Generic> <Opcode : >
ST_6 : Operation 39 [1/1] (0.00ns)   --->   "%br_ln18 = br void %VITIS_LOOP_20_3" [dft_256/dft.cpp:18]   --->   Operation 39 'br' 'br_ln18' <Predicate = true> <Delay = 0.00>

State 7 <SV = 3> <Delay = 0.00>
ST_7 : Operation 40 [1/2] (0.00ns)   --->   "%call_ln0 = call void @dft_Pipeline_VITIS_LOOP_31_4, i32 %sum_r, i32 %real_sample, i32 %sum_i, i32 %imag_sample"   --->   Operation 40 'call' 'call_ln0' <Predicate = true> <Delay = 0.00> <CoreType = "Generic">   --->   Core 0 '' <Latency = 0> <II = 1> <Delay = 1.00> <Generic> <Opcode : >
ST_7 : Operation 41 [1/1] (0.00ns)   --->   "%ret_ln35 = ret" [dft_256/dft.cpp:35]   --->   Operation 41 'ret' 'ret_ln35' <Predicate = true> <Delay = 0.00>


============================================================
+ Verbose Summary: Timing violations
============================================================
Target clock period: 10ns, clock uncertainty: 2.7ns.

 <State 1>: 1.59ns
The critical path consists of the following:
	'alloca' operation ('k') [7]  (0 ns)
	'store' operation ('store_ln18', dft_256/dft.cpp:18) of constant 0 on local variable 'k' [17]  (1.59 ns)

 <State 2>: 0ns
The critical path consists of the following:

 <State 3>: 3.41ns
The critical path consists of the following:
	'load' operation ('k', dft_256/dft.cpp:21) on local variable 'k' [20]  (0 ns)
	'add' operation ('add_ln18', dft_256/dft.cpp:18) [23]  (1.82 ns)
	'store' operation ('store_ln18', dft_256/dft.cpp:18) of variable 'add_ln18', dft_256/dft.cpp:18 on local variable 'k' [34]  (1.59 ns)

 <State 4>: 3.25ns
The critical path consists of the following:
	'load' operation ('sum_r_load', dft_256/dft.cpp:22) on array 'sum_r', dft_256/dft.cpp:10 [31]  (3.25 ns)

 <State 5>: 2.08ns
The critical path consists of the following:
	'call' operation ('call_ln23', dft_256/dft.cpp:23) to 'dft_Pipeline_VITIS_LOOP_20_3' [33]  (2.08 ns)

 <State 6>: 0ns
The critical path consists of the following:

 <State 7>: 0ns
The critical path consists of the following:


============================================================
+ Verbose Summary: Binding
============================================================
N/A
* FSMD analyzer results:
  - Output states:
 - Input state : 
  - Chain level:
	State 1
	State 2
	State 3
	State 4
	State 5
	State 6
	State 7


============================================================
+ Verbose Summary: Datapath Resource usage 
============================================================
N/A
