

================================================================
== Vitis HLS Report for 'dft_Pipeline_VITIS_LOOP_20_3'
================================================================
* Date:           Thu Oct 20 18:56:02 2022

* Version:        2022.1 (Build 3526262 on Mon Apr 18 15:48:16 MDT 2022)
* Project:        dft_256
* Solution:       solution1 (Vivado IP Flow Target)
* Product family: zynq
* Target device:  xc7z020-clg484-1


================================================================
== Performance Estimates
================================================================
+ Timing: 
    * Summary: 
    +--------+----------+----------+------------+
    |  Clock |  Target  | Estimated| Uncertainty|
    +--------+----------+----------+------------+
    |ap_clk  |  10.00 ns|  7.256 ns|     2.70 ns|
    +--------+----------+----------+------------+

+ Latency: 
    * Summary: 
    +---------+---------+-----------+-----------+------+------+---------+
    |  Latency (cycles) |   Latency (absolute)  |   Interval  | Pipeline|
    |   min   |   max   |    min    |    max    |  min |  max |   Type  |
    +---------+---------+-----------+-----------+------+------+---------+
    |     1333|     1333|  13.330 us|  13.330 us|  1333|  1333|       no|
    +---------+---------+-----------+-----------+------+------+---------+

    + Detail: 
        * Instance: 
        N/A

        * Loop: 
        +-------------------+---------+---------+----------+-----------+-----------+------+----------+
        |                   |  Latency (cycles) | Iteration|  Initiation Interval  | Trip |          |
        |     Loop Name     |   min   |   max   |  Latency |  achieved |   target  | Count| Pipelined|
        +-------------------+---------+---------+----------+-----------+-----------+------+----------+
        |- VITIS_LOOP_20_3  |     1331|     1331|        53|          5|          1|   256|       yes|
        +-------------------+---------+---------+----------+-----------+-----------+------+----------+

============================================================
+ Verbose Summary: Synthesis Manager
============================================================
InlineROM: 1
ExposeGlobal: 0
============================================================
+ Verbose Summary: CDFG Model
============================================================
IsTopModel: 0
ResetActiveHigh: 1
IsCombinational: 0
IsDatapathOnly: 0
HasWiredReturn: 1
HasMFsm: 2
HasVarLatency: 1
IsPipeline: 0
IsRtlPipelined: 0
IsInstanceOverlapped: 0
IsDontTouch: 0
HasImplIP: 0
IsGatedGlobalClock: 0

+ Individual pipeline summary: 
  * Pipeline-0: initiation interval (II) = 5, depth = 53


============================================================
+ Verbose Summary: Schedule
============================================================
* Number of FSM states : 53
* Pipeline : 1
  Pipeline-0 : II = 5, D = 53, States = { 1 2 3 4 5 6 7 8 9 10 11 12 13 14 15 16 17 18 19 20 21 22 23 24 25 26 27 28 29 30 31 32 33 34 35 36 37 38 39 40 41 42 43 44 45 46 47 48 49 50 51 52 53 }
* Dataflow Pipeline: 0

* FSM state transitions: 
1 --> 2 
2 --> 3 
3 --> 4 
4 --> 5 
5 --> 6 
6 --> 7 
7 --> 8 
8 --> 9 
9 --> 10 
10 --> 11 
11 --> 12 
12 --> 13 
13 --> 14 
14 --> 15 
15 --> 16 
16 --> 17 
17 --> 18 
18 --> 19 
19 --> 20 
20 --> 21 
21 --> 22 
22 --> 23 
23 --> 24 
24 --> 25 
25 --> 26 
26 --> 27 
27 --> 28 
28 --> 29 
29 --> 30 
30 --> 31 
31 --> 32 
32 --> 33 
33 --> 34 
34 --> 35 
35 --> 36 
36 --> 37 
37 --> 38 
38 --> 39 
39 --> 40 
40 --> 41 
41 --> 42 
42 --> 43 
43 --> 44 
44 --> 45 
45 --> 46 
46 --> 47 
47 --> 48 
48 --> 49 
49 --> 50 
50 --> 51 
51 --> 52 
52 --> 53 
53 --> 

* FSM state operations: 

State 1 <SV = 0> <Delay = 6.28>
ST_1 : Operation 56 [1/1] (0.00ns)   --->   "%phi_mul = alloca i32 1"   --->   Operation 56 'alloca' 'phi_mul' <Predicate = true> <Delay = 0.00>
ST_1 : Operation 57 [1/1] (0.00ns)   --->   "%add5 = alloca i32 1"   --->   Operation 57 'alloca' 'add5' <Predicate = true> <Delay = 0.00>
ST_1 : Operation 58 [1/1] (0.00ns)   --->   "%sub6 = alloca i32 1"   --->   Operation 58 'alloca' 'sub6' <Predicate = true> <Delay = 0.00>
ST_1 : Operation 59 [1/1] (0.00ns)   --->   "%n = alloca i32 1"   --->   Operation 59 'alloca' 'n' <Predicate = true> <Delay = 0.00>
ST_1 : Operation 60 [1/1] (0.00ns)   --->   "%zext_ln21_read = read i8 @_ssdm_op_Read.ap_auto.i8, i8 %zext_ln21"   --->   Operation 60 'read' 'zext_ln21_read' <Predicate = true> <Delay = 0.00>
ST_1 : Operation 61 [1/1] (0.00ns)   --->   "%zext_ln18_read = read i8 @_ssdm_op_Read.ap_auto.i8, i8 %zext_ln18"   --->   Operation 61 'read' 'zext_ln18_read' <Predicate = true> <Delay = 0.00>
ST_1 : Operation 62 [1/1] (0.00ns)   --->   "%sum_r_load_read = read i32 @_ssdm_op_Read.ap_auto.float, i32 %sum_r_load"   --->   Operation 62 'read' 'sum_r_load_read' <Predicate = true> <Delay = 0.00>
ST_1 : Operation 63 [1/1] (0.00ns)   --->   "%sum_i_load_read = read i32 @_ssdm_op_Read.ap_auto.float, i32 %sum_i_load"   --->   Operation 63 'read' 'sum_i_load_read' <Predicate = true> <Delay = 0.00>
ST_1 : Operation 64 [1/1] (0.00ns)   --->   "%zext_ln21_cast = zext i8 %zext_ln21_read"   --->   Operation 64 'zext' 'zext_ln21_cast' <Predicate = true> <Delay = 0.00>
ST_1 : Operation 65 [1/1] (0.00ns)   --->   "%zext_ln18_cast = zext i8 %zext_ln18_read"   --->   Operation 65 'zext' 'zext_ln18_cast' <Predicate = true> <Delay = 0.00>
ST_1 : Operation 66 [1/1] (1.58ns)   --->   "%store_ln0 = store i9 0, i9 %n"   --->   Operation 66 'store' 'store_ln0' <Predicate = true> <Delay = 1.58>
ST_1 : Operation 67 [1/1] (1.58ns)   --->   "%store_ln0 = store i32 %sum_i_load_read, i32 %sub6"   --->   Operation 67 'store' 'store_ln0' <Predicate = true> <Delay = 1.58>
ST_1 : Operation 68 [1/1] (1.58ns)   --->   "%store_ln0 = store i32 %sum_r_load_read, i32 %add5"   --->   Operation 68 'store' 'store_ln0' <Predicate = true> <Delay = 1.58>
ST_1 : Operation 69 [1/1] (1.58ns)   --->   "%store_ln0 = store i16 0, i16 %phi_mul"   --->   Operation 69 'store' 'store_ln0' <Predicate = true> <Delay = 1.58>
ST_1 : Operation 70 [1/1] (0.00ns)   --->   "%br_ln0 = br void %for.inc27"   --->   Operation 70 'br' 'br_ln0' <Predicate = true> <Delay = 0.00>
ST_1 : Operation 71 [1/1] (0.00ns)   --->   "%n_2 = load i9 %n" [dft_256/dft.cpp:20]   --->   Operation 71 'load' 'n_2' <Predicate = true> <Delay = 0.00>
ST_1 : Operation 72 [1/1] (1.66ns)   --->   "%icmp_ln20 = icmp_eq  i9 %n_2, i9 256" [dft_256/dft.cpp:20]   --->   Operation 72 'icmp' 'icmp_ln20' <Predicate = true> <Delay = 1.66> <CoreInst = "Cmp">   --->   Core 9 'Cmp' <Latency = 0> <II = 1> <Delay = 1.66> <FuncUnit> <Opcode : 'icmp'> <InPorts = 2> <OutPorts = 1>
ST_1 : Operation 73 [1/1] (0.00ns)   --->   "%br_ln20 = br i1 %icmp_ln20, void %for.inc27.split, void %for.inc30.exitStub" [dft_256/dft.cpp:20]   --->   Operation 73 'br' 'br_ln20' <Predicate = true> <Delay = 0.00>
ST_1 : Operation 74 [1/1] (0.00ns)   --->   "%phi_mul_load = load i16 %phi_mul" [dft_256/dft.cpp:21]   --->   Operation 74 'load' 'phi_mul_load' <Predicate = (!icmp_ln20)> <Delay = 0.00>
ST_1 : Operation 75 [1/1] (2.07ns)   --->   "%add_ln21 = add i16 %phi_mul_load, i16 %zext_ln21_cast" [dft_256/dft.cpp:21]   --->   Operation 75 'add' 'add_ln21' <Predicate = (!icmp_ln20)> <Delay = 2.07> <CoreInst = "Adder">   --->   Core 1 'Adder' <Latency = 0> <II = 1> <Delay = 2.07> <FuncUnit> <Opcode : 'add' 'sub'> <InPorts = 2> <OutPorts = 1>
ST_1 : Operation 76 [1/1] (0.00ns)   --->   "%shl_ln = bitconcatenate i17 @_ssdm_op_BitConcatenate.i17.i16.i1, i16 %phi_mul_load, i1 0" [dft_256/dft.cpp:21]   --->   Operation 76 'bitconcatenate' 'shl_ln' <Predicate = (!icmp_ln20)> <Delay = 0.00>
ST_1 : Operation 77 [1/1] (0.00ns)   --->   "%zext_ln21_1 = zext i17 %shl_ln" [dft_256/dft.cpp:21]   --->   Operation 77 'zext' 'zext_ln21_1' <Predicate = (!icmp_ln20)> <Delay = 0.00>
ST_1 : Operation 78 [6/6] (6.28ns)   --->   "%conv = sitodp i32 %zext_ln21_1" [dft_256/dft.cpp:21]   --->   Operation 78 'sitodp' 'conv' <Predicate = (!icmp_ln20)> <Delay = 6.28> <CoreInst = "Int2Double">   --->   Core 66 'Int2Double' <Latency = 5> <II = 1> <Delay = 6.28> <FuncUnit> <Opcode : 'sitodp' 'uitodp'> <InPorts = 1> <OutPorts = 1>

State 2 <SV = 1> <Delay = 6.28>
ST_2 : Operation 79 [5/6] (6.28ns)   --->   "%conv = sitodp i32 %zext_ln21_1" [dft_256/dft.cpp:21]   --->   Operation 79 'sitodp' 'conv' <Predicate = (!icmp_ln20)> <Delay = 6.28> <CoreInst = "Int2Double">   --->   Core 66 'Int2Double' <Latency = 5> <II = 1> <Delay = 6.28> <FuncUnit> <Opcode : 'sitodp' 'uitodp'> <InPorts = 1> <OutPorts = 1>

State 3 <SV = 2> <Delay = 6.28>
ST_3 : Operation 80 [4/6] (6.28ns)   --->   "%conv = sitodp i32 %zext_ln21_1" [dft_256/dft.cpp:21]   --->   Operation 80 'sitodp' 'conv' <Predicate = (!icmp_ln20)> <Delay = 6.28> <CoreInst = "Int2Double">   --->   Core 66 'Int2Double' <Latency = 5> <II = 1> <Delay = 6.28> <FuncUnit> <Opcode : 'sitodp' 'uitodp'> <InPorts = 1> <OutPorts = 1>

State 4 <SV = 3> <Delay = 6.28>
ST_4 : Operation 81 [3/6] (6.28ns)   --->   "%conv = sitodp i32 %zext_ln21_1" [dft_256/dft.cpp:21]   --->   Operation 81 'sitodp' 'conv' <Predicate = (!icmp_ln20)> <Delay = 6.28> <CoreInst = "Int2Double">   --->   Core 66 'Int2Double' <Latency = 5> <II = 1> <Delay = 6.28> <FuncUnit> <Opcode : 'sitodp' 'uitodp'> <InPorts = 1> <OutPorts = 1>

State 5 <SV = 4> <Delay = 6.28>
ST_5 : Operation 82 [1/1] (1.82ns)   --->   "%add_ln20 = add i9 %n_2, i9 1" [dft_256/dft.cpp:20]   --->   Operation 82 'add' 'add_ln20' <Predicate = true> <Delay = 1.82> <CoreInst = "Adder">   --->   Core 1 'Adder' <Latency = 0> <II = 1> <Delay = 1.82> <FuncUnit> <Opcode : 'add' 'sub'> <InPorts = 2> <OutPorts = 1>
ST_5 : Operation 83 [2/6] (6.28ns)   --->   "%conv = sitodp i32 %zext_ln21_1" [dft_256/dft.cpp:21]   --->   Operation 83 'sitodp' 'conv' <Predicate = (!icmp_ln20)> <Delay = 6.28> <CoreInst = "Int2Double">   --->   Core 66 'Int2Double' <Latency = 5> <II = 1> <Delay = 6.28> <FuncUnit> <Opcode : 'sitodp' 'uitodp'> <InPorts = 1> <OutPorts = 1>
ST_5 : Operation 84 [1/1] (1.66ns)   --->   "%ifzero = icmp_eq  i9 %add_ln20, i9 256" [dft_256/dft.cpp:20]   --->   Operation 84 'icmp' 'ifzero' <Predicate = (!icmp_ln20)> <Delay = 1.66> <CoreInst = "Cmp">   --->   Core 9 'Cmp' <Latency = 0> <II = 1> <Delay = 1.66> <FuncUnit> <Opcode : 'icmp'> <InPorts = 2> <OutPorts = 1>
ST_5 : Operation 85 [1/1] (0.00ns)   --->   "%br_ln20 = br i1 %ifzero, void %ifFalse, void %ifTrue" [dft_256/dft.cpp:20]   --->   Operation 85 'br' 'br_ln20' <Predicate = (!icmp_ln20)> <Delay = 0.00>
ST_5 : Operation 86 [1/1] (1.58ns)   --->   "%store_ln20 = store i9 %add_ln20, i9 %n" [dft_256/dft.cpp:20]   --->   Operation 86 'store' 'store_ln20' <Predicate = (!icmp_ln20)> <Delay = 1.58>
ST_5 : Operation 87 [1/1] (1.58ns)   --->   "%store_ln21 = store i16 %add_ln21, i16 %phi_mul" [dft_256/dft.cpp:21]   --->   Operation 87 'store' 'store_ln21' <Predicate = (!icmp_ln20)> <Delay = 1.58>

State 6 <SV = 5> <Delay = 6.28>
ST_6 : Operation 88 [1/6] (6.28ns)   --->   "%conv = sitodp i32 %zext_ln21_1" [dft_256/dft.cpp:21]   --->   Operation 88 'sitodp' 'conv' <Predicate = (!icmp_ln20)> <Delay = 6.28> <CoreInst = "Int2Double">   --->   Core 66 'Int2Double' <Latency = 5> <II = 1> <Delay = 6.28> <FuncUnit> <Opcode : 'sitodp' 'uitodp'> <InPorts = 1> <OutPorts = 1>

State 7 <SV = 6> <Delay = 6.71>
ST_7 : Operation 89 [7/7] (6.71ns)   --->   "%mul = dmul i64 %conv, i64 3.14159" [dft_256/dft.cpp:21]   --->   Operation 89 'dmul' 'mul' <Predicate = (!icmp_ln20)> <Delay = 6.71> <CoreInst = "DMul_maxdsp">   --->   Core 49 'DMul_maxdsp' <Latency = 6> <II = 1> <Delay = 6.71> <FuncUnit> <Opcode : 'dmul'> <InPorts = 2> <OutPorts = 1>

State 8 <SV = 7> <Delay = 6.71>
ST_8 : Operation 90 [6/7] (6.71ns)   --->   "%mul = dmul i64 %conv, i64 3.14159" [dft_256/dft.cpp:21]   --->   Operation 90 'dmul' 'mul' <Predicate = (!icmp_ln20)> <Delay = 6.71> <CoreInst = "DMul_maxdsp">   --->   Core 49 'DMul_maxdsp' <Latency = 6> <II = 1> <Delay = 6.71> <FuncUnit> <Opcode : 'dmul'> <InPorts = 2> <OutPorts = 1>

State 9 <SV = 8> <Delay = 6.71>
ST_9 : Operation 91 [5/7] (6.71ns)   --->   "%mul = dmul i64 %conv, i64 3.14159" [dft_256/dft.cpp:21]   --->   Operation 91 'dmul' 'mul' <Predicate = (!icmp_ln20)> <Delay = 6.71> <CoreInst = "DMul_maxdsp">   --->   Core 49 'DMul_maxdsp' <Latency = 6> <II = 1> <Delay = 6.71> <FuncUnit> <Opcode : 'dmul'> <InPorts = 2> <OutPorts = 1>

State 10 <SV = 9> <Delay = 6.71>
ST_10 : Operation 92 [4/7] (6.71ns)   --->   "%mul = dmul i64 %conv, i64 3.14159" [dft_256/dft.cpp:21]   --->   Operation 92 'dmul' 'mul' <Predicate = (!icmp_ln20)> <Delay = 6.71> <CoreInst = "DMul_maxdsp">   --->   Core 49 'DMul_maxdsp' <Latency = 6> <II = 1> <Delay = 6.71> <FuncUnit> <Opcode : 'dmul'> <InPorts = 2> <OutPorts = 1>

State 11 <SV = 10> <Delay = 6.71>
ST_11 : Operation 93 [3/7] (6.71ns)   --->   "%mul = dmul i64 %conv, i64 3.14159" [dft_256/dft.cpp:21]   --->   Operation 93 'dmul' 'mul' <Predicate = (!icmp_ln20)> <Delay = 6.71> <CoreInst = "DMul_maxdsp">   --->   Core 49 'DMul_maxdsp' <Latency = 6> <II = 1> <Delay = 6.71> <FuncUnit> <Opcode : 'dmul'> <InPorts = 2> <OutPorts = 1>

State 12 <SV = 11> <Delay = 6.71>
ST_12 : Operation 94 [2/7] (6.71ns)   --->   "%mul = dmul i64 %conv, i64 3.14159" [dft_256/dft.cpp:21]   --->   Operation 94 'dmul' 'mul' <Predicate = (!icmp_ln20)> <Delay = 6.71> <CoreInst = "DMul_maxdsp">   --->   Core 49 'DMul_maxdsp' <Latency = 6> <II = 1> <Delay = 6.71> <FuncUnit> <Opcode : 'dmul'> <InPorts = 2> <OutPorts = 1>

State 13 <SV = 12> <Delay = 6.71>
ST_13 : Operation 95 [1/7] (6.71ns)   --->   "%mul = dmul i64 %conv, i64 3.14159" [dft_256/dft.cpp:21]   --->   Operation 95 'dmul' 'mul' <Predicate = (!icmp_ln20)> <Delay = 6.71> <CoreInst = "DMul_maxdsp">   --->   Core 49 'DMul_maxdsp' <Latency = 6> <II = 1> <Delay = 6.71> <FuncUnit> <Opcode : 'dmul'> <InPorts = 2> <OutPorts = 1>

State 14 <SV = 13> <Delay = 6.71>
ST_14 : Operation 96 [7/7] (6.71ns)   --->   "%div = dmul i64 %mul, i64 0.00390625" [dft_256/dft.cpp:21]   --->   Operation 96 'dmul' 'div' <Predicate = (!icmp_ln20)> <Delay = 6.71> <CoreInst = "DMul_maxdsp">   --->   Core 49 'DMul_maxdsp' <Latency = 6> <II = 1> <Delay = 6.71> <FuncUnit> <Opcode : 'dmul'> <InPorts = 2> <OutPorts = 1>

State 15 <SV = 14> <Delay = 6.71>
ST_15 : Operation 97 [6/7] (6.71ns)   --->   "%div = dmul i64 %mul, i64 0.00390625" [dft_256/dft.cpp:21]   --->   Operation 97 'dmul' 'div' <Predicate = (!icmp_ln20)> <Delay = 6.71> <CoreInst = "DMul_maxdsp">   --->   Core 49 'DMul_maxdsp' <Latency = 6> <II = 1> <Delay = 6.71> <FuncUnit> <Opcode : 'dmul'> <InPorts = 2> <OutPorts = 1>

State 16 <SV = 15> <Delay = 6.71>
ST_16 : Operation 98 [5/7] (6.71ns)   --->   "%div = dmul i64 %mul, i64 0.00390625" [dft_256/dft.cpp:21]   --->   Operation 98 'dmul' 'div' <Predicate = (!icmp_ln20)> <Delay = 6.71> <CoreInst = "DMul_maxdsp">   --->   Core 49 'DMul_maxdsp' <Latency = 6> <II = 1> <Delay = 6.71> <FuncUnit> <Opcode : 'dmul'> <InPorts = 2> <OutPorts = 1>

State 17 <SV = 16> <Delay = 6.71>
ST_17 : Operation 99 [4/7] (6.71ns)   --->   "%div = dmul i64 %mul, i64 0.00390625" [dft_256/dft.cpp:21]   --->   Operation 99 'dmul' 'div' <Predicate = (!icmp_ln20)> <Delay = 6.71> <CoreInst = "DMul_maxdsp">   --->   Core 49 'DMul_maxdsp' <Latency = 6> <II = 1> <Delay = 6.71> <FuncUnit> <Opcode : 'dmul'> <InPorts = 2> <OutPorts = 1>

State 18 <SV = 17> <Delay = 6.71>
ST_18 : Operation 100 [3/7] (6.71ns)   --->   "%div = dmul i64 %mul, i64 0.00390625" [dft_256/dft.cpp:21]   --->   Operation 100 'dmul' 'div' <Predicate = (!icmp_ln20)> <Delay = 6.71> <CoreInst = "DMul_maxdsp">   --->   Core 49 'DMul_maxdsp' <Latency = 6> <II = 1> <Delay = 6.71> <FuncUnit> <Opcode : 'dmul'> <InPorts = 2> <OutPorts = 1>

State 19 <SV = 18> <Delay = 6.71>
ST_19 : Operation 101 [2/7] (6.71ns)   --->   "%div = dmul i64 %mul, i64 0.00390625" [dft_256/dft.cpp:21]   --->   Operation 101 'dmul' 'div' <Predicate = (!icmp_ln20)> <Delay = 6.71> <CoreInst = "DMul_maxdsp">   --->   Core 49 'DMul_maxdsp' <Latency = 6> <II = 1> <Delay = 6.71> <FuncUnit> <Opcode : 'dmul'> <InPorts = 2> <OutPorts = 1>

State 20 <SV = 19> <Delay = 6.71>
ST_20 : Operation 102 [1/7] (6.71ns)   --->   "%div = dmul i64 %mul, i64 0.00390625" [dft_256/dft.cpp:21]   --->   Operation 102 'dmul' 'div' <Predicate = (!icmp_ln20)> <Delay = 6.71> <CoreInst = "DMul_maxdsp">   --->   Core 49 'DMul_maxdsp' <Latency = 6> <II = 1> <Delay = 6.71> <FuncUnit> <Opcode : 'dmul'> <InPorts = 2> <OutPorts = 1>

State 21 <SV = 20> <Delay = 5.20>
ST_21 : Operation 103 [2/2] (5.20ns)   --->   "%index = fptrunc i64 %div" [dft_256/dft.cpp:21]   --->   Operation 103 'fptrunc' 'index' <Predicate = (!icmp_ln20)> <Delay = 5.20> <CoreInst = "Double2Float">   --->   Core 67 'Double2Float' <Latency = 1> <II = 1> <Delay = 5.20> <FuncUnit> <Opcode : 'fptrunc'> <InPorts = 1> <OutPorts = 1>

State 22 <SV = 21> <Delay = 5.20>
ST_22 : Operation 104 [1/2] (5.20ns)   --->   "%index = fptrunc i64 %div" [dft_256/dft.cpp:21]   --->   Operation 104 'fptrunc' 'index' <Predicate = (!icmp_ln20)> <Delay = 5.20> <CoreInst = "Double2Float">   --->   Core 67 'Double2Float' <Latency = 1> <II = 1> <Delay = 5.20> <FuncUnit> <Opcode : 'fptrunc'> <InPorts = 1> <OutPorts = 1>

State 23 <SV = 22> <Delay = 5.46>
ST_23 : Operation 105 [20/20] (5.46ns)   --->   "%tmp = call i32 @sin_or_cos<float>, i32 %index, i1 1, i100 %ref_4oPi_table_100_V, i30 %second_order_float_sin_cos_K0_V, i23 %second_order_float_sin_cos_K1_V, i15 %second_order_float_sin_cos_K2_V" [r:/ci/prod/2022.1/rdi_builds/continuous/2022_04_18_3526262/src/shared/hls/clib/hlsmath/src/common/hls_hotbm_float.cpp:127]   --->   Operation 105 'call' 'tmp' <Predicate = (!icmp_ln20)> <Delay = 5.46> <CoreType = "Generic">   --->   Core 0 '' <Latency = 0> <II = 1> <Delay = 1.00> <Generic> <Opcode : >

State 24 <SV = 23> <Delay = 7.07>
ST_24 : Operation 106 [19/20] (7.07ns)   --->   "%tmp = call i32 @sin_or_cos<float>, i32 %index, i1 1, i100 %ref_4oPi_table_100_V, i30 %second_order_float_sin_cos_K0_V, i23 %second_order_float_sin_cos_K1_V, i15 %second_order_float_sin_cos_K2_V" [r:/ci/prod/2022.1/rdi_builds/continuous/2022_04_18_3526262/src/shared/hls/clib/hlsmath/src/common/hls_hotbm_float.cpp:127]   --->   Operation 106 'call' 'tmp' <Predicate = (!icmp_ln20)> <Delay = 7.07> <CoreType = "Generic">   --->   Core 0 '' <Latency = 0> <II = 1> <Delay = 1.00> <Generic> <Opcode : >
ST_24 : Operation 107 [20/20] (5.46ns)   --->   "%tmp_s = call i32 @sin_or_cos<float>, i32 %index, i1 0, i100 %ref_4oPi_table_100_V, i30 %second_order_float_sin_cos_K0_V, i23 %second_order_float_sin_cos_K1_V, i15 %second_order_float_sin_cos_K2_V" [r:/ci/prod/2022.1/rdi_builds/continuous/2022_04_18_3526262/src/shared/hls/clib/hlsmath/src/common/hls_hotbm_float.cpp:123]   --->   Operation 107 'call' 'tmp_s' <Predicate = (!icmp_ln20)> <Delay = 5.46> <CoreType = "Generic">   --->   Core 0 '' <Latency = 0> <II = 1> <Delay = 1.00> <Generic> <Opcode : >

State 25 <SV = 24> <Delay = 7.07>
ST_25 : Operation 108 [18/20] (7.07ns)   --->   "%tmp = call i32 @sin_or_cos<float>, i32 %index, i1 1, i100 %ref_4oPi_table_100_V, i30 %second_order_float_sin_cos_K0_V, i23 %second_order_float_sin_cos_K1_V, i15 %second_order_float_sin_cos_K2_V" [r:/ci/prod/2022.1/rdi_builds/continuous/2022_04_18_3526262/src/shared/hls/clib/hlsmath/src/common/hls_hotbm_float.cpp:127]   --->   Operation 108 'call' 'tmp' <Predicate = (!icmp_ln20)> <Delay = 7.07> <CoreType = "Generic">   --->   Core 0 '' <Latency = 0> <II = 1> <Delay = 1.00> <Generic> <Opcode : >
ST_25 : Operation 109 [19/20] (7.07ns)   --->   "%tmp_s = call i32 @sin_or_cos<float>, i32 %index, i1 0, i100 %ref_4oPi_table_100_V, i30 %second_order_float_sin_cos_K0_V, i23 %second_order_float_sin_cos_K1_V, i15 %second_order_float_sin_cos_K2_V" [r:/ci/prod/2022.1/rdi_builds/continuous/2022_04_18_3526262/src/shared/hls/clib/hlsmath/src/common/hls_hotbm_float.cpp:123]   --->   Operation 109 'call' 'tmp_s' <Predicate = (!icmp_ln20)> <Delay = 7.07> <CoreType = "Generic">   --->   Core 0 '' <Latency = 0> <II = 1> <Delay = 1.00> <Generic> <Opcode : >

State 26 <SV = 25> <Delay = 7.07>
ST_26 : Operation 110 [17/20] (7.07ns)   --->   "%tmp = call i32 @sin_or_cos<float>, i32 %index, i1 1, i100 %ref_4oPi_table_100_V, i30 %second_order_float_sin_cos_K0_V, i23 %second_order_float_sin_cos_K1_V, i15 %second_order_float_sin_cos_K2_V" [r:/ci/prod/2022.1/rdi_builds/continuous/2022_04_18_3526262/src/shared/hls/clib/hlsmath/src/common/hls_hotbm_float.cpp:127]   --->   Operation 110 'call' 'tmp' <Predicate = (!icmp_ln20)> <Delay = 7.07> <CoreType = "Generic">   --->   Core 0 '' <Latency = 0> <II = 1> <Delay = 1.00> <Generic> <Opcode : >
ST_26 : Operation 111 [18/20] (7.07ns)   --->   "%tmp_s = call i32 @sin_or_cos<float>, i32 %index, i1 0, i100 %ref_4oPi_table_100_V, i30 %second_order_float_sin_cos_K0_V, i23 %second_order_float_sin_cos_K1_V, i15 %second_order_float_sin_cos_K2_V" [r:/ci/prod/2022.1/rdi_builds/continuous/2022_04_18_3526262/src/shared/hls/clib/hlsmath/src/common/hls_hotbm_float.cpp:123]   --->   Operation 111 'call' 'tmp_s' <Predicate = (!icmp_ln20)> <Delay = 7.07> <CoreType = "Generic">   --->   Core 0 '' <Latency = 0> <II = 1> <Delay = 1.00> <Generic> <Opcode : >

State 27 <SV = 26> <Delay = 7.07>
ST_27 : Operation 112 [16/20] (7.07ns)   --->   "%tmp = call i32 @sin_or_cos<float>, i32 %index, i1 1, i100 %ref_4oPi_table_100_V, i30 %second_order_float_sin_cos_K0_V, i23 %second_order_float_sin_cos_K1_V, i15 %second_order_float_sin_cos_K2_V" [r:/ci/prod/2022.1/rdi_builds/continuous/2022_04_18_3526262/src/shared/hls/clib/hlsmath/src/common/hls_hotbm_float.cpp:127]   --->   Operation 112 'call' 'tmp' <Predicate = (!icmp_ln20)> <Delay = 7.07> <CoreType = "Generic">   --->   Core 0 '' <Latency = 0> <II = 1> <Delay = 1.00> <Generic> <Opcode : >
ST_27 : Operation 113 [17/20] (7.07ns)   --->   "%tmp_s = call i32 @sin_or_cos<float>, i32 %index, i1 0, i100 %ref_4oPi_table_100_V, i30 %second_order_float_sin_cos_K0_V, i23 %second_order_float_sin_cos_K1_V, i15 %second_order_float_sin_cos_K2_V" [r:/ci/prod/2022.1/rdi_builds/continuous/2022_04_18_3526262/src/shared/hls/clib/hlsmath/src/common/hls_hotbm_float.cpp:123]   --->   Operation 113 'call' 'tmp_s' <Predicate = (!icmp_ln20)> <Delay = 7.07> <CoreType = "Generic">   --->   Core 0 '' <Latency = 0> <II = 1> <Delay = 1.00> <Generic> <Opcode : >

State 28 <SV = 27> <Delay = 7.07>
ST_28 : Operation 114 [15/20] (7.07ns)   --->   "%tmp = call i32 @sin_or_cos<float>, i32 %index, i1 1, i100 %ref_4oPi_table_100_V, i30 %second_order_float_sin_cos_K0_V, i23 %second_order_float_sin_cos_K1_V, i15 %second_order_float_sin_cos_K2_V" [r:/ci/prod/2022.1/rdi_builds/continuous/2022_04_18_3526262/src/shared/hls/clib/hlsmath/src/common/hls_hotbm_float.cpp:127]   --->   Operation 114 'call' 'tmp' <Predicate = (!icmp_ln20)> <Delay = 7.07> <CoreType = "Generic">   --->   Core 0 '' <Latency = 0> <II = 1> <Delay = 1.00> <Generic> <Opcode : >
ST_28 : Operation 115 [16/20] (7.07ns)   --->   "%tmp_s = call i32 @sin_or_cos<float>, i32 %index, i1 0, i100 %ref_4oPi_table_100_V, i30 %second_order_float_sin_cos_K0_V, i23 %second_order_float_sin_cos_K1_V, i15 %second_order_float_sin_cos_K2_V" [r:/ci/prod/2022.1/rdi_builds/continuous/2022_04_18_3526262/src/shared/hls/clib/hlsmath/src/common/hls_hotbm_float.cpp:123]   --->   Operation 115 'call' 'tmp_s' <Predicate = (!icmp_ln20)> <Delay = 7.07> <CoreType = "Generic">   --->   Core 0 '' <Latency = 0> <II = 1> <Delay = 1.00> <Generic> <Opcode : >

State 29 <SV = 28> <Delay = 7.07>
ST_29 : Operation 116 [14/20] (7.07ns)   --->   "%tmp = call i32 @sin_or_cos<float>, i32 %index, i1 1, i100 %ref_4oPi_table_100_V, i30 %second_order_float_sin_cos_K0_V, i23 %second_order_float_sin_cos_K1_V, i15 %second_order_float_sin_cos_K2_V" [r:/ci/prod/2022.1/rdi_builds/continuous/2022_04_18_3526262/src/shared/hls/clib/hlsmath/src/common/hls_hotbm_float.cpp:127]   --->   Operation 116 'call' 'tmp' <Predicate = (!icmp_ln20)> <Delay = 7.07> <CoreType = "Generic">   --->   Core 0 '' <Latency = 0> <II = 1> <Delay = 1.00> <Generic> <Opcode : >
ST_29 : Operation 117 [15/20] (7.07ns)   --->   "%tmp_s = call i32 @sin_or_cos<float>, i32 %index, i1 0, i100 %ref_4oPi_table_100_V, i30 %second_order_float_sin_cos_K0_V, i23 %second_order_float_sin_cos_K1_V, i15 %second_order_float_sin_cos_K2_V" [r:/ci/prod/2022.1/rdi_builds/continuous/2022_04_18_3526262/src/shared/hls/clib/hlsmath/src/common/hls_hotbm_float.cpp:123]   --->   Operation 117 'call' 'tmp_s' <Predicate = (!icmp_ln20)> <Delay = 7.07> <CoreType = "Generic">   --->   Core 0 '' <Latency = 0> <II = 1> <Delay = 1.00> <Generic> <Opcode : >

State 30 <SV = 29> <Delay = 7.07>
ST_30 : Operation 118 [13/20] (7.07ns)   --->   "%tmp = call i32 @sin_or_cos<float>, i32 %index, i1 1, i100 %ref_4oPi_table_100_V, i30 %second_order_float_sin_cos_K0_V, i23 %second_order_float_sin_cos_K1_V, i15 %second_order_float_sin_cos_K2_V" [r:/ci/prod/2022.1/rdi_builds/continuous/2022_04_18_3526262/src/shared/hls/clib/hlsmath/src/common/hls_hotbm_float.cpp:127]   --->   Operation 118 'call' 'tmp' <Predicate = (!icmp_ln20)> <Delay = 7.07> <CoreType = "Generic">   --->   Core 0 '' <Latency = 0> <II = 1> <Delay = 1.00> <Generic> <Opcode : >
ST_30 : Operation 119 [14/20] (7.07ns)   --->   "%tmp_s = call i32 @sin_or_cos<float>, i32 %index, i1 0, i100 %ref_4oPi_table_100_V, i30 %second_order_float_sin_cos_K0_V, i23 %second_order_float_sin_cos_K1_V, i15 %second_order_float_sin_cos_K2_V" [r:/ci/prod/2022.1/rdi_builds/continuous/2022_04_18_3526262/src/shared/hls/clib/hlsmath/src/common/hls_hotbm_float.cpp:123]   --->   Operation 119 'call' 'tmp_s' <Predicate = (!icmp_ln20)> <Delay = 7.07> <CoreType = "Generic">   --->   Core 0 '' <Latency = 0> <II = 1> <Delay = 1.00> <Generic> <Opcode : >

State 31 <SV = 30> <Delay = 7.07>
ST_31 : Operation 120 [12/20] (7.07ns)   --->   "%tmp = call i32 @sin_or_cos<float>, i32 %index, i1 1, i100 %ref_4oPi_table_100_V, i30 %second_order_float_sin_cos_K0_V, i23 %second_order_float_sin_cos_K1_V, i15 %second_order_float_sin_cos_K2_V" [r:/ci/prod/2022.1/rdi_builds/continuous/2022_04_18_3526262/src/shared/hls/clib/hlsmath/src/common/hls_hotbm_float.cpp:127]   --->   Operation 120 'call' 'tmp' <Predicate = (!icmp_ln20)> <Delay = 7.07> <CoreType = "Generic">   --->   Core 0 '' <Latency = 0> <II = 1> <Delay = 1.00> <Generic> <Opcode : >
ST_31 : Operation 121 [13/20] (7.07ns)   --->   "%tmp_s = call i32 @sin_or_cos<float>, i32 %index, i1 0, i100 %ref_4oPi_table_100_V, i30 %second_order_float_sin_cos_K0_V, i23 %second_order_float_sin_cos_K1_V, i15 %second_order_float_sin_cos_K2_V" [r:/ci/prod/2022.1/rdi_builds/continuous/2022_04_18_3526262/src/shared/hls/clib/hlsmath/src/common/hls_hotbm_float.cpp:123]   --->   Operation 121 'call' 'tmp_s' <Predicate = (!icmp_ln20)> <Delay = 7.07> <CoreType = "Generic">   --->   Core 0 '' <Latency = 0> <II = 1> <Delay = 1.00> <Generic> <Opcode : >

State 32 <SV = 31> <Delay = 7.07>
ST_32 : Operation 122 [11/20] (7.07ns)   --->   "%tmp = call i32 @sin_or_cos<float>, i32 %index, i1 1, i100 %ref_4oPi_table_100_V, i30 %second_order_float_sin_cos_K0_V, i23 %second_order_float_sin_cos_K1_V, i15 %second_order_float_sin_cos_K2_V" [r:/ci/prod/2022.1/rdi_builds/continuous/2022_04_18_3526262/src/shared/hls/clib/hlsmath/src/common/hls_hotbm_float.cpp:127]   --->   Operation 122 'call' 'tmp' <Predicate = (!icmp_ln20)> <Delay = 7.07> <CoreType = "Generic">   --->   Core 0 '' <Latency = 0> <II = 1> <Delay = 1.00> <Generic> <Opcode : >
ST_32 : Operation 123 [12/20] (7.07ns)   --->   "%tmp_s = call i32 @sin_or_cos<float>, i32 %index, i1 0, i100 %ref_4oPi_table_100_V, i30 %second_order_float_sin_cos_K0_V, i23 %second_order_float_sin_cos_K1_V, i15 %second_order_float_sin_cos_K2_V" [r:/ci/prod/2022.1/rdi_builds/continuous/2022_04_18_3526262/src/shared/hls/clib/hlsmath/src/common/hls_hotbm_float.cpp:123]   --->   Operation 123 'call' 'tmp_s' <Predicate = (!icmp_ln20)> <Delay = 7.07> <CoreType = "Generic">   --->   Core 0 '' <Latency = 0> <II = 1> <Delay = 1.00> <Generic> <Opcode : >

State 33 <SV = 32> <Delay = 7.07>
ST_33 : Operation 124 [10/20] (7.07ns)   --->   "%tmp = call i32 @sin_or_cos<float>, i32 %index, i1 1, i100 %ref_4oPi_table_100_V, i30 %second_order_float_sin_cos_K0_V, i23 %second_order_float_sin_cos_K1_V, i15 %second_order_float_sin_cos_K2_V" [r:/ci/prod/2022.1/rdi_builds/continuous/2022_04_18_3526262/src/shared/hls/clib/hlsmath/src/common/hls_hotbm_float.cpp:127]   --->   Operation 124 'call' 'tmp' <Predicate = (!icmp_ln20)> <Delay = 7.07> <CoreType = "Generic">   --->   Core 0 '' <Latency = 0> <II = 1> <Delay = 1.00> <Generic> <Opcode : >
ST_33 : Operation 125 [11/20] (7.07ns)   --->   "%tmp_s = call i32 @sin_or_cos<float>, i32 %index, i1 0, i100 %ref_4oPi_table_100_V, i30 %second_order_float_sin_cos_K0_V, i23 %second_order_float_sin_cos_K1_V, i15 %second_order_float_sin_cos_K2_V" [r:/ci/prod/2022.1/rdi_builds/continuous/2022_04_18_3526262/src/shared/hls/clib/hlsmath/src/common/hls_hotbm_float.cpp:123]   --->   Operation 125 'call' 'tmp_s' <Predicate = (!icmp_ln20)> <Delay = 7.07> <CoreType = "Generic">   --->   Core 0 '' <Latency = 0> <II = 1> <Delay = 1.00> <Generic> <Opcode : >

State 34 <SV = 33> <Delay = 7.07>
ST_34 : Operation 126 [9/20] (7.07ns)   --->   "%tmp = call i32 @sin_or_cos<float>, i32 %index, i1 1, i100 %ref_4oPi_table_100_V, i30 %second_order_float_sin_cos_K0_V, i23 %second_order_float_sin_cos_K1_V, i15 %second_order_float_sin_cos_K2_V" [r:/ci/prod/2022.1/rdi_builds/continuous/2022_04_18_3526262/src/shared/hls/clib/hlsmath/src/common/hls_hotbm_float.cpp:127]   --->   Operation 126 'call' 'tmp' <Predicate = (!icmp_ln20)> <Delay = 7.07> <CoreType = "Generic">   --->   Core 0 '' <Latency = 0> <II = 1> <Delay = 1.00> <Generic> <Opcode : >
ST_34 : Operation 127 [10/20] (7.07ns)   --->   "%tmp_s = call i32 @sin_or_cos<float>, i32 %index, i1 0, i100 %ref_4oPi_table_100_V, i30 %second_order_float_sin_cos_K0_V, i23 %second_order_float_sin_cos_K1_V, i15 %second_order_float_sin_cos_K2_V" [r:/ci/prod/2022.1/rdi_builds/continuous/2022_04_18_3526262/src/shared/hls/clib/hlsmath/src/common/hls_hotbm_float.cpp:123]   --->   Operation 127 'call' 'tmp_s' <Predicate = (!icmp_ln20)> <Delay = 7.07> <CoreType = "Generic">   --->   Core 0 '' <Latency = 0> <II = 1> <Delay = 1.00> <Generic> <Opcode : >

State 35 <SV = 34> <Delay = 7.07>
ST_35 : Operation 128 [8/20] (7.07ns)   --->   "%tmp = call i32 @sin_or_cos<float>, i32 %index, i1 1, i100 %ref_4oPi_table_100_V, i30 %second_order_float_sin_cos_K0_V, i23 %second_order_float_sin_cos_K1_V, i15 %second_order_float_sin_cos_K2_V" [r:/ci/prod/2022.1/rdi_builds/continuous/2022_04_18_3526262/src/shared/hls/clib/hlsmath/src/common/hls_hotbm_float.cpp:127]   --->   Operation 128 'call' 'tmp' <Predicate = (!icmp_ln20)> <Delay = 7.07> <CoreType = "Generic">   --->   Core 0 '' <Latency = 0> <II = 1> <Delay = 1.00> <Generic> <Opcode : >
ST_35 : Operation 129 [9/20] (7.07ns)   --->   "%tmp_s = call i32 @sin_or_cos<float>, i32 %index, i1 0, i100 %ref_4oPi_table_100_V, i30 %second_order_float_sin_cos_K0_V, i23 %second_order_float_sin_cos_K1_V, i15 %second_order_float_sin_cos_K2_V" [r:/ci/prod/2022.1/rdi_builds/continuous/2022_04_18_3526262/src/shared/hls/clib/hlsmath/src/common/hls_hotbm_float.cpp:123]   --->   Operation 129 'call' 'tmp_s' <Predicate = (!icmp_ln20)> <Delay = 7.07> <CoreType = "Generic">   --->   Core 0 '' <Latency = 0> <II = 1> <Delay = 1.00> <Generic> <Opcode : >

State 36 <SV = 35> <Delay = 7.07>
ST_36 : Operation 130 [7/20] (7.07ns)   --->   "%tmp = call i32 @sin_or_cos<float>, i32 %index, i1 1, i100 %ref_4oPi_table_100_V, i30 %second_order_float_sin_cos_K0_V, i23 %second_order_float_sin_cos_K1_V, i15 %second_order_float_sin_cos_K2_V" [r:/ci/prod/2022.1/rdi_builds/continuous/2022_04_18_3526262/src/shared/hls/clib/hlsmath/src/common/hls_hotbm_float.cpp:127]   --->   Operation 130 'call' 'tmp' <Predicate = (!icmp_ln20)> <Delay = 7.07> <CoreType = "Generic">   --->   Core 0 '' <Latency = 0> <II = 1> <Delay = 1.00> <Generic> <Opcode : >
ST_36 : Operation 131 [8/20] (7.07ns)   --->   "%tmp_s = call i32 @sin_or_cos<float>, i32 %index, i1 0, i100 %ref_4oPi_table_100_V, i30 %second_order_float_sin_cos_K0_V, i23 %second_order_float_sin_cos_K1_V, i15 %second_order_float_sin_cos_K2_V" [r:/ci/prod/2022.1/rdi_builds/continuous/2022_04_18_3526262/src/shared/hls/clib/hlsmath/src/common/hls_hotbm_float.cpp:123]   --->   Operation 131 'call' 'tmp_s' <Predicate = (!icmp_ln20)> <Delay = 7.07> <CoreType = "Generic">   --->   Core 0 '' <Latency = 0> <II = 1> <Delay = 1.00> <Generic> <Opcode : >

State 37 <SV = 36> <Delay = 7.07>
ST_37 : Operation 132 [6/20] (7.07ns)   --->   "%tmp = call i32 @sin_or_cos<float>, i32 %index, i1 1, i100 %ref_4oPi_table_100_V, i30 %second_order_float_sin_cos_K0_V, i23 %second_order_float_sin_cos_K1_V, i15 %second_order_float_sin_cos_K2_V" [r:/ci/prod/2022.1/rdi_builds/continuous/2022_04_18_3526262/src/shared/hls/clib/hlsmath/src/common/hls_hotbm_float.cpp:127]   --->   Operation 132 'call' 'tmp' <Predicate = (!icmp_ln20)> <Delay = 7.07> <CoreType = "Generic">   --->   Core 0 '' <Latency = 0> <II = 1> <Delay = 1.00> <Generic> <Opcode : >
ST_37 : Operation 133 [7/20] (7.07ns)   --->   "%tmp_s = call i32 @sin_or_cos<float>, i32 %index, i1 0, i100 %ref_4oPi_table_100_V, i30 %second_order_float_sin_cos_K0_V, i23 %second_order_float_sin_cos_K1_V, i15 %second_order_float_sin_cos_K2_V" [r:/ci/prod/2022.1/rdi_builds/continuous/2022_04_18_3526262/src/shared/hls/clib/hlsmath/src/common/hls_hotbm_float.cpp:123]   --->   Operation 133 'call' 'tmp_s' <Predicate = (!icmp_ln20)> <Delay = 7.07> <CoreType = "Generic">   --->   Core 0 '' <Latency = 0> <II = 1> <Delay = 1.00> <Generic> <Opcode : >

State 38 <SV = 37> <Delay = 7.07>
ST_38 : Operation 134 [5/20] (7.07ns)   --->   "%tmp = call i32 @sin_or_cos<float>, i32 %index, i1 1, i100 %ref_4oPi_table_100_V, i30 %second_order_float_sin_cos_K0_V, i23 %second_order_float_sin_cos_K1_V, i15 %second_order_float_sin_cos_K2_V" [r:/ci/prod/2022.1/rdi_builds/continuous/2022_04_18_3526262/src/shared/hls/clib/hlsmath/src/common/hls_hotbm_float.cpp:127]   --->   Operation 134 'call' 'tmp' <Predicate = (!icmp_ln20)> <Delay = 7.07> <CoreType = "Generic">   --->   Core 0 '' <Latency = 0> <II = 1> <Delay = 1.00> <Generic> <Opcode : >
ST_38 : Operation 135 [6/20] (7.07ns)   --->   "%tmp_s = call i32 @sin_or_cos<float>, i32 %index, i1 0, i100 %ref_4oPi_table_100_V, i30 %second_order_float_sin_cos_K0_V, i23 %second_order_float_sin_cos_K1_V, i15 %second_order_float_sin_cos_K2_V" [r:/ci/prod/2022.1/rdi_builds/continuous/2022_04_18_3526262/src/shared/hls/clib/hlsmath/src/common/hls_hotbm_float.cpp:123]   --->   Operation 135 'call' 'tmp_s' <Predicate = (!icmp_ln20)> <Delay = 7.07> <CoreType = "Generic">   --->   Core 0 '' <Latency = 0> <II = 1> <Delay = 1.00> <Generic> <Opcode : >

State 39 <SV = 38> <Delay = 7.07>
ST_39 : Operation 136 [4/20] (7.07ns)   --->   "%tmp = call i32 @sin_or_cos<float>, i32 %index, i1 1, i100 %ref_4oPi_table_100_V, i30 %second_order_float_sin_cos_K0_V, i23 %second_order_float_sin_cos_K1_V, i15 %second_order_float_sin_cos_K2_V" [r:/ci/prod/2022.1/rdi_builds/continuous/2022_04_18_3526262/src/shared/hls/clib/hlsmath/src/common/hls_hotbm_float.cpp:127]   --->   Operation 136 'call' 'tmp' <Predicate = (!icmp_ln20)> <Delay = 7.07> <CoreType = "Generic">   --->   Core 0 '' <Latency = 0> <II = 1> <Delay = 1.00> <Generic> <Opcode : >
ST_39 : Operation 137 [5/20] (7.07ns)   --->   "%tmp_s = call i32 @sin_or_cos<float>, i32 %index, i1 0, i100 %ref_4oPi_table_100_V, i30 %second_order_float_sin_cos_K0_V, i23 %second_order_float_sin_cos_K1_V, i15 %second_order_float_sin_cos_K2_V" [r:/ci/prod/2022.1/rdi_builds/continuous/2022_04_18_3526262/src/shared/hls/clib/hlsmath/src/common/hls_hotbm_float.cpp:123]   --->   Operation 137 'call' 'tmp_s' <Predicate = (!icmp_ln20)> <Delay = 7.07> <CoreType = "Generic">   --->   Core 0 '' <Latency = 0> <II = 1> <Delay = 1.00> <Generic> <Opcode : >

State 40 <SV = 39> <Delay = 7.07>
ST_40 : Operation 138 [3/20] (7.07ns)   --->   "%tmp = call i32 @sin_or_cos<float>, i32 %index, i1 1, i100 %ref_4oPi_table_100_V, i30 %second_order_float_sin_cos_K0_V, i23 %second_order_float_sin_cos_K1_V, i15 %second_order_float_sin_cos_K2_V" [r:/ci/prod/2022.1/rdi_builds/continuous/2022_04_18_3526262/src/shared/hls/clib/hlsmath/src/common/hls_hotbm_float.cpp:127]   --->   Operation 138 'call' 'tmp' <Predicate = (!icmp_ln20)> <Delay = 7.07> <CoreType = "Generic">   --->   Core 0 '' <Latency = 0> <II = 1> <Delay = 1.00> <Generic> <Opcode : >
ST_40 : Operation 139 [4/20] (7.07ns)   --->   "%tmp_s = call i32 @sin_or_cos<float>, i32 %index, i1 0, i100 %ref_4oPi_table_100_V, i30 %second_order_float_sin_cos_K0_V, i23 %second_order_float_sin_cos_K1_V, i15 %second_order_float_sin_cos_K2_V" [r:/ci/prod/2022.1/rdi_builds/continuous/2022_04_18_3526262/src/shared/hls/clib/hlsmath/src/common/hls_hotbm_float.cpp:123]   --->   Operation 139 'call' 'tmp_s' <Predicate = (!icmp_ln20)> <Delay = 7.07> <CoreType = "Generic">   --->   Core 0 '' <Latency = 0> <II = 1> <Delay = 1.00> <Generic> <Opcode : >

State 41 <SV = 40> <Delay = 7.07>
ST_41 : Operation 140 [1/1] (0.00ns)   --->   "%n_2_cast2 = zext i9 %n_2" [dft_256/dft.cpp:20]   --->   Operation 140 'zext' 'n_2_cast2' <Predicate = (!icmp_ln20)> <Delay = 0.00>
ST_41 : Operation 141 [1/1] (0.00ns)   --->   "%temp_addr = getelementptr i32 %temp, i64 0, i64 %n_2_cast2" [dft_256/dft.cpp:22]   --->   Operation 141 'getelementptr' 'temp_addr' <Predicate = (!icmp_ln20)> <Delay = 0.00>
ST_41 : Operation 142 [2/2] (3.25ns)   --->   "%temp_load = load i8 %temp_addr" [dft_256/dft.cpp:22]   --->   Operation 142 'load' 'temp_load' <Predicate = (!icmp_ln20)> <Delay = 3.25> <CoreInst = "RAM">   --->   Core 82 'RAM' <Latency = 1> <II = 1> <Delay = 3.25> <Storage> <Opcode : 'load' 'store'> <Ports = 2> <Width = 32> <Depth = 256> <RAM>
ST_41 : Operation 143 [2/20] (7.07ns)   --->   "%tmp = call i32 @sin_or_cos<float>, i32 %index, i1 1, i100 %ref_4oPi_table_100_V, i30 %second_order_float_sin_cos_K0_V, i23 %second_order_float_sin_cos_K1_V, i15 %second_order_float_sin_cos_K2_V" [r:/ci/prod/2022.1/rdi_builds/continuous/2022_04_18_3526262/src/shared/hls/clib/hlsmath/src/common/hls_hotbm_float.cpp:127]   --->   Operation 143 'call' 'tmp' <Predicate = (!icmp_ln20)> <Delay = 7.07> <CoreType = "Generic">   --->   Core 0 '' <Latency = 0> <II = 1> <Delay = 1.00> <Generic> <Opcode : >
ST_41 : Operation 144 [3/20] (7.07ns)   --->   "%tmp_s = call i32 @sin_or_cos<float>, i32 %index, i1 0, i100 %ref_4oPi_table_100_V, i30 %second_order_float_sin_cos_K0_V, i23 %second_order_float_sin_cos_K1_V, i15 %second_order_float_sin_cos_K2_V" [r:/ci/prod/2022.1/rdi_builds/continuous/2022_04_18_3526262/src/shared/hls/clib/hlsmath/src/common/hls_hotbm_float.cpp:123]   --->   Operation 144 'call' 'tmp_s' <Predicate = (!icmp_ln20)> <Delay = 7.07> <CoreType = "Generic">   --->   Core 0 '' <Latency = 0> <II = 1> <Delay = 1.00> <Generic> <Opcode : >

State 42 <SV = 41> <Delay = 7.07>
ST_42 : Operation 145 [1/2] (3.25ns)   --->   "%temp_load = load i8 %temp_addr" [dft_256/dft.cpp:22]   --->   Operation 145 'load' 'temp_load' <Predicate = (!icmp_ln20)> <Delay = 3.25> <CoreInst = "RAM">   --->   Core 82 'RAM' <Latency = 1> <II = 1> <Delay = 3.25> <Storage> <Opcode : 'load' 'store'> <Ports = 2> <Width = 32> <Depth = 256> <RAM>
ST_42 : Operation 146 [1/20] (5.41ns)   --->   "%tmp = call i32 @sin_or_cos<float>, i32 %index, i1 1, i100 %ref_4oPi_table_100_V, i30 %second_order_float_sin_cos_K0_V, i23 %second_order_float_sin_cos_K1_V, i15 %second_order_float_sin_cos_K2_V" [r:/ci/prod/2022.1/rdi_builds/continuous/2022_04_18_3526262/src/shared/hls/clib/hlsmath/src/common/hls_hotbm_float.cpp:127]   --->   Operation 146 'call' 'tmp' <Predicate = (!icmp_ln20)> <Delay = 5.41> <CoreType = "Generic">   --->   Core 0 '' <Latency = 0> <II = 1> <Delay = 1.00> <Generic> <Opcode : >
ST_42 : Operation 147 [2/20] (7.07ns)   --->   "%tmp_s = call i32 @sin_or_cos<float>, i32 %index, i1 0, i100 %ref_4oPi_table_100_V, i30 %second_order_float_sin_cos_K0_V, i23 %second_order_float_sin_cos_K1_V, i15 %second_order_float_sin_cos_K2_V" [r:/ci/prod/2022.1/rdi_builds/continuous/2022_04_18_3526262/src/shared/hls/clib/hlsmath/src/common/hls_hotbm_float.cpp:123]   --->   Operation 147 'call' 'tmp_s' <Predicate = (!icmp_ln20)> <Delay = 7.07> <CoreType = "Generic">   --->   Core 0 '' <Latency = 0> <II = 1> <Delay = 1.00> <Generic> <Opcode : >

State 43 <SV = 42> <Delay = 5.70>
ST_43 : Operation 148 [4/4] (5.70ns)   --->   "%mul1 = fmul i32 %temp_load, i32 %tmp" [dft_256/dft.cpp:22]   --->   Operation 148 'fmul' 'mul1' <Predicate = (!icmp_ln20)> <Delay = 5.70> <CoreInst = "FMul_maxdsp">   --->   Core 30 'FMul_maxdsp' <Latency = 3> <II = 1> <Delay = 5.70> <FuncUnit> <Opcode : 'fmul'> <InPorts = 2> <OutPorts = 1>
ST_43 : Operation 149 [1/20] (5.41ns)   --->   "%tmp_s = call i32 @sin_or_cos<float>, i32 %index, i1 0, i100 %ref_4oPi_table_100_V, i30 %second_order_float_sin_cos_K0_V, i23 %second_order_float_sin_cos_K1_V, i15 %second_order_float_sin_cos_K2_V" [r:/ci/prod/2022.1/rdi_builds/continuous/2022_04_18_3526262/src/shared/hls/clib/hlsmath/src/common/hls_hotbm_float.cpp:123]   --->   Operation 149 'call' 'tmp_s' <Predicate = (!icmp_ln20)> <Delay = 5.41> <CoreType = "Generic">   --->   Core 0 '' <Latency = 0> <II = 1> <Delay = 1.00> <Generic> <Opcode : >

State 44 <SV = 43> <Delay = 5.70>
ST_44 : Operation 150 [3/4] (5.70ns)   --->   "%mul1 = fmul i32 %temp_load, i32 %tmp" [dft_256/dft.cpp:22]   --->   Operation 150 'fmul' 'mul1' <Predicate = (!icmp_ln20)> <Delay = 5.70> <CoreInst = "FMul_maxdsp">   --->   Core 30 'FMul_maxdsp' <Latency = 3> <II = 1> <Delay = 5.70> <FuncUnit> <Opcode : 'fmul'> <InPorts = 2> <OutPorts = 1>
ST_44 : Operation 151 [4/4] (5.70ns)   --->   "%mul2 = fmul i32 %temp_load, i32 %tmp_s" [dft_256/dft.cpp:23]   --->   Operation 151 'fmul' 'mul2' <Predicate = (!icmp_ln20)> <Delay = 5.70> <CoreInst = "FMul_maxdsp">   --->   Core 30 'FMul_maxdsp' <Latency = 3> <II = 1> <Delay = 5.70> <FuncUnit> <Opcode : 'fmul'> <InPorts = 2> <OutPorts = 1>

State 45 <SV = 44> <Delay = 5.70>
ST_45 : Operation 152 [2/4] (5.70ns)   --->   "%mul1 = fmul i32 %temp_load, i32 %tmp" [dft_256/dft.cpp:22]   --->   Operation 152 'fmul' 'mul1' <Predicate = (!icmp_ln20)> <Delay = 5.70> <CoreInst = "FMul_maxdsp">   --->   Core 30 'FMul_maxdsp' <Latency = 3> <II = 1> <Delay = 5.70> <FuncUnit> <Opcode : 'fmul'> <InPorts = 2> <OutPorts = 1>
ST_45 : Operation 153 [3/4] (5.70ns)   --->   "%mul2 = fmul i32 %temp_load, i32 %tmp_s" [dft_256/dft.cpp:23]   --->   Operation 153 'fmul' 'mul2' <Predicate = (!icmp_ln20)> <Delay = 5.70> <CoreInst = "FMul_maxdsp">   --->   Core 30 'FMul_maxdsp' <Latency = 3> <II = 1> <Delay = 5.70> <FuncUnit> <Opcode : 'fmul'> <InPorts = 2> <OutPorts = 1>

State 46 <SV = 45> <Delay = 5.70>
ST_46 : Operation 154 [1/4] (5.70ns)   --->   "%mul1 = fmul i32 %temp_load, i32 %tmp" [dft_256/dft.cpp:22]   --->   Operation 154 'fmul' 'mul1' <Predicate = (!icmp_ln20)> <Delay = 5.70> <CoreInst = "FMul_maxdsp">   --->   Core 30 'FMul_maxdsp' <Latency = 3> <II = 1> <Delay = 5.70> <FuncUnit> <Opcode : 'fmul'> <InPorts = 2> <OutPorts = 1>
ST_46 : Operation 155 [2/4] (5.70ns)   --->   "%mul2 = fmul i32 %temp_load, i32 %tmp_s" [dft_256/dft.cpp:23]   --->   Operation 155 'fmul' 'mul2' <Predicate = (!icmp_ln20)> <Delay = 5.70> <CoreInst = "FMul_maxdsp">   --->   Core 30 'FMul_maxdsp' <Latency = 3> <II = 1> <Delay = 5.70> <FuncUnit> <Opcode : 'fmul'> <InPorts = 2> <OutPorts = 1>

State 47 <SV = 46> <Delay = 7.25>
ST_47 : Operation 156 [1/1] (0.00ns)   --->   "%add5_load = load i32 %add5" [dft_256/dft.cpp:22]   --->   Operation 156 'load' 'add5_load' <Predicate = (!icmp_ln20)> <Delay = 0.00>
ST_47 : Operation 157 [5/5] (7.25ns)   --->   "%add = fadd i32 %add5_load, i32 %mul1" [dft_256/dft.cpp:22]   --->   Operation 157 'fadd' 'add' <Predicate = (!icmp_ln20)> <Delay = 7.25> <CoreInst = "FAddSub_fulldsp">   --->   Core 18 'FAddSub_fulldsp' <Latency = 4> <II = 1> <Delay = 7.25> <FuncUnit> <Opcode : 'fadd' 'fsub'> <InPorts = 2> <OutPorts = 1>
ST_47 : Operation 158 [1/4] (5.70ns)   --->   "%mul2 = fmul i32 %temp_load, i32 %tmp_s" [dft_256/dft.cpp:23]   --->   Operation 158 'fmul' 'mul2' <Predicate = (!icmp_ln20)> <Delay = 5.70> <CoreInst = "FMul_maxdsp">   --->   Core 30 'FMul_maxdsp' <Latency = 3> <II = 1> <Delay = 5.70> <FuncUnit> <Opcode : 'fmul'> <InPorts = 2> <OutPorts = 1>

State 48 <SV = 47> <Delay = 7.25>
ST_48 : Operation 159 [1/1] (0.00ns)   --->   "%sub6_load = load i32 %sub6" [dft_256/dft.cpp:23]   --->   Operation 159 'load' 'sub6_load' <Predicate = (!icmp_ln20)> <Delay = 0.00>
ST_48 : Operation 160 [4/5] (7.25ns)   --->   "%add = fadd i32 %add5_load, i32 %mul1" [dft_256/dft.cpp:22]   --->   Operation 160 'fadd' 'add' <Predicate = (!icmp_ln20)> <Delay = 7.25> <CoreInst = "FAddSub_fulldsp">   --->   Core 18 'FAddSub_fulldsp' <Latency = 4> <II = 1> <Delay = 7.25> <FuncUnit> <Opcode : 'fadd' 'fsub'> <InPorts = 2> <OutPorts = 1>
ST_48 : Operation 161 [5/5] (7.25ns)   --->   "%sub = fsub i32 %sub6_load, i32 %mul2" [dft_256/dft.cpp:23]   --->   Operation 161 'fsub' 'sub' <Predicate = (!icmp_ln20)> <Delay = 7.25> <CoreInst = "FAddSub_fulldsp">   --->   Core 18 'FAddSub_fulldsp' <Latency = 4> <II = 1> <Delay = 7.25> <FuncUnit> <Opcode : 'fadd' 'fsub'> <InPorts = 2> <OutPorts = 1>

State 49 <SV = 48> <Delay = 7.25>
ST_49 : Operation 162 [3/5] (7.25ns)   --->   "%add = fadd i32 %add5_load, i32 %mul1" [dft_256/dft.cpp:22]   --->   Operation 162 'fadd' 'add' <Predicate = (!icmp_ln20)> <Delay = 7.25> <CoreInst = "FAddSub_fulldsp">   --->   Core 18 'FAddSub_fulldsp' <Latency = 4> <II = 1> <Delay = 7.25> <FuncUnit> <Opcode : 'fadd' 'fsub'> <InPorts = 2> <OutPorts = 1>
ST_49 : Operation 163 [4/5] (7.25ns)   --->   "%sub = fsub i32 %sub6_load, i32 %mul2" [dft_256/dft.cpp:23]   --->   Operation 163 'fsub' 'sub' <Predicate = (!icmp_ln20)> <Delay = 7.25> <CoreInst = "FAddSub_fulldsp">   --->   Core 18 'FAddSub_fulldsp' <Latency = 4> <II = 1> <Delay = 7.25> <FuncUnit> <Opcode : 'fadd' 'fsub'> <InPorts = 2> <OutPorts = 1>

State 50 <SV = 49> <Delay = 7.25>
ST_50 : Operation 164 [2/5] (7.25ns)   --->   "%add = fadd i32 %add5_load, i32 %mul1" [dft_256/dft.cpp:22]   --->   Operation 164 'fadd' 'add' <Predicate = (!icmp_ln20)> <Delay = 7.25> <CoreInst = "FAddSub_fulldsp">   --->   Core 18 'FAddSub_fulldsp' <Latency = 4> <II = 1> <Delay = 7.25> <FuncUnit> <Opcode : 'fadd' 'fsub'> <InPorts = 2> <OutPorts = 1>
ST_50 : Operation 165 [3/5] (7.25ns)   --->   "%sub = fsub i32 %sub6_load, i32 %mul2" [dft_256/dft.cpp:23]   --->   Operation 165 'fsub' 'sub' <Predicate = (!icmp_ln20)> <Delay = 7.25> <CoreInst = "FAddSub_fulldsp">   --->   Core 18 'FAddSub_fulldsp' <Latency = 4> <II = 1> <Delay = 7.25> <FuncUnit> <Opcode : 'fadd' 'fsub'> <InPorts = 2> <OutPorts = 1>

State 51 <SV = 50> <Delay = 7.25>
ST_51 : Operation 166 [1/5] (7.25ns)   --->   "%add = fadd i32 %add5_load, i32 %mul1" [dft_256/dft.cpp:22]   --->   Operation 166 'fadd' 'add' <Predicate = (!icmp_ln20)> <Delay = 7.25> <CoreInst = "FAddSub_fulldsp">   --->   Core 18 'FAddSub_fulldsp' <Latency = 4> <II = 1> <Delay = 7.25> <FuncUnit> <Opcode : 'fadd' 'fsub'> <InPorts = 2> <OutPorts = 1>
ST_51 : Operation 167 [2/5] (7.25ns)   --->   "%sub = fsub i32 %sub6_load, i32 %mul2" [dft_256/dft.cpp:23]   --->   Operation 167 'fsub' 'sub' <Predicate = (!icmp_ln20)> <Delay = 7.25> <CoreInst = "FAddSub_fulldsp">   --->   Core 18 'FAddSub_fulldsp' <Latency = 4> <II = 1> <Delay = 7.25> <FuncUnit> <Opcode : 'fadd' 'fsub'> <InPorts = 2> <OutPorts = 1>

State 52 <SV = 51> <Delay = 7.25>
ST_52 : Operation 168 [1/1] (0.00ns)   --->   "%sum_i_addr = getelementptr i32 %sum_i, i64 0, i64 %zext_ln18_cast"   --->   Operation 168 'getelementptr' 'sum_i_addr' <Predicate = true> <Delay = 0.00>
ST_52 : Operation 169 [1/1] (0.00ns)   --->   "%sum_r_addr = getelementptr i32 %sum_r, i64 0, i64 %zext_ln18_cast"   --->   Operation 169 'getelementptr' 'sum_r_addr' <Predicate = true> <Delay = 0.00>
ST_52 : Operation 170 [1/1] (0.00ns)   --->   "%specpipeline_ln0 = specpipeline void @_ssdm_op_SpecPipeline, i32 4294967295, i32 0, i32 1, i32 0, void @p_str"   --->   Operation 170 'specpipeline' 'specpipeline_ln0' <Predicate = true> <Delay = 0.00>
ST_52 : Operation 171 [1/1] (0.00ns)   --->   "%empty = speclooptripcount i32 @_ssdm_op_SpecLoopTripCount, i64 256, i64 256, i64 256"   --->   Operation 171 'speclooptripcount' 'empty' <Predicate = true> <Delay = 0.00>
ST_52 : Operation 172 [1/1] (0.00ns)   --->   "%specloopname_ln7 = specloopname void @_ssdm_op_SpecLoopName, void @empty_3" [dft_256/dft.cpp:7]   --->   Operation 172 'specloopname' 'specloopname_ln7' <Predicate = (!icmp_ln20)> <Delay = 0.00>
ST_52 : Operation 173 [1/5] (7.25ns)   --->   "%sub = fsub i32 %sub6_load, i32 %mul2" [dft_256/dft.cpp:23]   --->   Operation 173 'fsub' 'sub' <Predicate = (!icmp_ln20)> <Delay = 7.25> <CoreInst = "FAddSub_fulldsp">   --->   Core 18 'FAddSub_fulldsp' <Latency = 4> <II = 1> <Delay = 7.25> <FuncUnit> <Opcode : 'fadd' 'fsub'> <InPorts = 2> <OutPorts = 1>
ST_52 : Operation 174 [1/1] (3.25ns)   --->   "%store_ln22 = store i32 %add, i8 %sum_r_addr" [dft_256/dft.cpp:22]   --->   Operation 174 'store' 'store_ln22' <Predicate = (!icmp_ln20 & ifzero)> <Delay = 3.25> <CoreInst = "RAM">   --->   Core 82 'RAM' <Latency = 1> <II = 1> <Delay = 3.25> <Storage> <Opcode : 'load' 'store'> <Ports = 2> <Width = 32> <Depth = 256> <RAM>
ST_52 : Operation 175 [1/1] (1.58ns)   --->   "%store_ln22 = store i32 %add, i32 %add5" [dft_256/dft.cpp:22]   --->   Operation 175 'store' 'store_ln22' <Predicate = (!icmp_ln20)> <Delay = 1.58>
ST_52 : Operation 180 [1/1] (0.00ns)   --->   "%ret_ln0 = ret"   --->   Operation 180 'ret' 'ret_ln0' <Predicate = (icmp_ln20)> <Delay = 0.00>

State 53 <SV = 52> <Delay = 3.25>
ST_53 : Operation 176 [1/1] (3.25ns)   --->   "%store_ln23 = store i32 %sub, i8 %sum_i_addr" [dft_256/dft.cpp:23]   --->   Operation 176 'store' 'store_ln23' <Predicate = (!icmp_ln20 & ifzero)> <Delay = 3.25> <CoreInst = "RAM">   --->   Core 82 'RAM' <Latency = 1> <II = 1> <Delay = 3.25> <Storage> <Opcode : 'load' 'store'> <Ports = 2> <Width = 32> <Depth = 256> <RAM>
ST_53 : Operation 177 [1/1] (0.00ns)   --->   "%br_ln0 = br void %ifFalse"   --->   Operation 177 'br' 'br_ln0' <Predicate = (!icmp_ln20 & ifzero)> <Delay = 0.00>
ST_53 : Operation 178 [1/1] (1.58ns)   --->   "%store_ln23 = store i32 %sub, i32 %sub6" [dft_256/dft.cpp:23]   --->   Operation 178 'store' 'store_ln23' <Predicate = (!icmp_ln20)> <Delay = 1.58>
ST_53 : Operation 179 [1/1] (0.00ns)   --->   "%br_ln0 = br void %for.inc27"   --->   Operation 179 'br' 'br_ln0' <Predicate = (!icmp_ln20)> <Delay = 0.00>


============================================================
+ Verbose Summary: Timing violations
============================================================
Target clock period: 10ns, clock uncertainty: 2.7ns.

 <State 1>: 6.28ns
The critical path consists of the following:
	'alloca' operation ('phi_mul') [12]  (0 ns)
	'load' operation ('phi_mul_load', dft_256/dft.cpp:21) on local variable 'phi_mul' [37]  (0 ns)
	'sitodp' operation ('conv', dft_256/dft.cpp:21) [45]  (6.28 ns)

 <State 2>: 6.28ns
The critical path consists of the following:
	'sitodp' operation ('conv', dft_256/dft.cpp:21) [45]  (6.28 ns)

 <State 3>: 6.28ns
The critical path consists of the following:
	'sitodp' operation ('conv', dft_256/dft.cpp:21) [45]  (6.28 ns)

 <State 4>: 6.28ns
The critical path consists of the following:
	'sitodp' operation ('conv', dft_256/dft.cpp:21) [45]  (6.28 ns)

 <State 5>: 6.28ns
The critical path consists of the following:
	'sitodp' operation ('conv', dft_256/dft.cpp:21) [45]  (6.28 ns)

 <State 6>: 6.28ns
The critical path consists of the following:
	'sitodp' operation ('conv', dft_256/dft.cpp:21) [45]  (6.28 ns)

 <State 7>: 6.72ns
The critical path consists of the following:
	'dmul' operation ('mul', dft_256/dft.cpp:21) [46]  (6.72 ns)

 <State 8>: 6.72ns
The critical path consists of the following:
	'dmul' operation ('mul', dft_256/dft.cpp:21) [46]  (6.72 ns)

 <State 9>: 6.72ns
The critical path consists of the following:
	'dmul' operation ('mul', dft_256/dft.cpp:21) [46]  (6.72 ns)

 <State 10>: 6.72ns
The critical path consists of the following:
	'dmul' operation ('mul', dft_256/dft.cpp:21) [46]  (6.72 ns)

 <State 11>: 6.72ns
The critical path consists of the following:
	'dmul' operation ('mul', dft_256/dft.cpp:21) [46]  (6.72 ns)

 <State 12>: 6.72ns
The critical path consists of the following:
	'dmul' operation ('mul', dft_256/dft.cpp:21) [46]  (6.72 ns)

 <State 13>: 6.72ns
The critical path consists of the following:
	'dmul' operation ('mul', dft_256/dft.cpp:21) [46]  (6.72 ns)

 <State 14>: 6.72ns
The critical path consists of the following:
	'dmul' operation ('div', dft_256/dft.cpp:21) [47]  (6.72 ns)

 <State 15>: 6.72ns
The critical path consists of the following:
	'dmul' operation ('div', dft_256/dft.cpp:21) [47]  (6.72 ns)

 <State 16>: 6.72ns
The critical path consists of the following:
	'dmul' operation ('div', dft_256/dft.cpp:21) [47]  (6.72 ns)

 <State 17>: 6.72ns
The critical path consists of the following:
	'dmul' operation ('div', dft_256/dft.cpp:21) [47]  (6.72 ns)

 <State 18>: 6.72ns
The critical path consists of the following:
	'dmul' operation ('div', dft_256/dft.cpp:21) [47]  (6.72 ns)

 <State 19>: 6.72ns
The critical path consists of the following:
	'dmul' operation ('div', dft_256/dft.cpp:21) [47]  (6.72 ns)

 <State 20>: 6.72ns
The critical path consists of the following:
	'dmul' operation ('div', dft_256/dft.cpp:21) [47]  (6.72 ns)

 <State 21>: 5.2ns
The critical path consists of the following:
	'fptrunc' operation ('index', dft_256/dft.cpp:21) [48]  (5.2 ns)

 <State 22>: 5.2ns
The critical path consists of the following:
	'fptrunc' operation ('index', dft_256/dft.cpp:21) [48]  (5.2 ns)

 <State 23>: 5.47ns
The critical path consists of the following:
	'call' operation ('tmp', r:/ci/prod/2022.1/rdi_builds/continuous/2022_04_18_3526262/src/shared/hls/clib/hlsmath/src/common/hls_hotbm_float.cpp:127) to 'sin_or_cos<float>' [51]  (5.47 ns)

 <State 24>: 7.07ns
The critical path consists of the following:
	'call' operation ('tmp', r:/ci/prod/2022.1/rdi_builds/continuous/2022_04_18_3526262/src/shared/hls/clib/hlsmath/src/common/hls_hotbm_float.cpp:127) to 'sin_or_cos<float>' [51]  (7.07 ns)

 <State 25>: 7.07ns
The critical path consists of the following:
	'call' operation ('tmp', r:/ci/prod/2022.1/rdi_builds/continuous/2022_04_18_3526262/src/shared/hls/clib/hlsmath/src/common/hls_hotbm_float.cpp:127) to 'sin_or_cos<float>' [51]  (7.07 ns)

 <State 26>: 7.07ns
The critical path consists of the following:
	'call' operation ('tmp', r:/ci/prod/2022.1/rdi_builds/continuous/2022_04_18_3526262/src/shared/hls/clib/hlsmath/src/common/hls_hotbm_float.cpp:127) to 'sin_or_cos<float>' [51]  (7.07 ns)

 <State 27>: 7.07ns
The critical path consists of the following:
	'call' operation ('tmp', r:/ci/prod/2022.1/rdi_builds/continuous/2022_04_18_3526262/src/shared/hls/clib/hlsmath/src/common/hls_hotbm_float.cpp:127) to 'sin_or_cos<float>' [51]  (7.07 ns)

 <State 28>: 7.07ns
The critical path consists of the following:
	'call' operation ('tmp', r:/ci/prod/2022.1/rdi_builds/continuous/2022_04_18_3526262/src/shared/hls/clib/hlsmath/src/common/hls_hotbm_float.cpp:127) to 'sin_or_cos<float>' [51]  (7.07 ns)

 <State 29>: 7.07ns
The critical path consists of the following:
	'call' operation ('tmp', r:/ci/prod/2022.1/rdi_builds/continuous/2022_04_18_3526262/src/shared/hls/clib/hlsmath/src/common/hls_hotbm_float.cpp:127) to 'sin_or_cos<float>' [51]  (7.07 ns)

 <State 30>: 7.07ns
The critical path consists of the following:
	'call' operation ('tmp', r:/ci/prod/2022.1/rdi_builds/continuous/2022_04_18_3526262/src/shared/hls/clib/hlsmath/src/common/hls_hotbm_float.cpp:127) to 'sin_or_cos<float>' [51]  (7.07 ns)

 <State 31>: 7.07ns
The critical path consists of the following:
	'call' operation ('tmp', r:/ci/prod/2022.1/rdi_builds/continuous/2022_04_18_3526262/src/shared/hls/clib/hlsmath/src/common/hls_hotbm_float.cpp:127) to 'sin_or_cos<float>' [51]  (7.07 ns)

 <State 32>: 7.07ns
The critical path consists of the following:
	'call' operation ('tmp', r:/ci/prod/2022.1/rdi_builds/continuous/2022_04_18_3526262/src/shared/hls/clib/hlsmath/src/common/hls_hotbm_float.cpp:127) to 'sin_or_cos<float>' [51]  (7.07 ns)

 <State 33>: 7.07ns
The critical path consists of the following:
	'call' operation ('tmp', r:/ci/prod/2022.1/rdi_builds/continuous/2022_04_18_3526262/src/shared/hls/clib/hlsmath/src/common/hls_hotbm_float.cpp:127) to 'sin_or_cos<float>' [51]  (7.07 ns)

 <State 34>: 7.07ns
The critical path consists of the following:
	'call' operation ('tmp', r:/ci/prod/2022.1/rdi_builds/continuous/2022_04_18_3526262/src/shared/hls/clib/hlsmath/src/common/hls_hotbm_float.cpp:127) to 'sin_or_cos<float>' [51]  (7.07 ns)

 <State 35>: 7.07ns
The critical path consists of the following:
	'call' operation ('tmp', r:/ci/prod/2022.1/rdi_builds/continuous/2022_04_18_3526262/src/shared/hls/clib/hlsmath/src/common/hls_hotbm_float.cpp:127) to 'sin_or_cos<float>' [51]  (7.07 ns)

 <State 36>: 7.07ns
The critical path consists of the following:
	'call' operation ('tmp', r:/ci/prod/2022.1/rdi_builds/continuous/2022_04_18_3526262/src/shared/hls/clib/hlsmath/src/common/hls_hotbm_float.cpp:127) to 'sin_or_cos<float>' [51]  (7.07 ns)

 <State 37>: 7.07ns
The critical path consists of the following:
	'call' operation ('tmp', r:/ci/prod/2022.1/rdi_builds/continuous/2022_04_18_3526262/src/shared/hls/clib/hlsmath/src/common/hls_hotbm_float.cpp:127) to 'sin_or_cos<float>' [51]  (7.07 ns)

 <State 38>: 7.07ns
The critical path consists of the following:
	'call' operation ('tmp', r:/ci/prod/2022.1/rdi_builds/continuous/2022_04_18_3526262/src/shared/hls/clib/hlsmath/src/common/hls_hotbm_float.cpp:127) to 'sin_or_cos<float>' [51]  (7.07 ns)

 <State 39>: 7.07ns
The critical path consists of the following:
	'call' operation ('tmp', r:/ci/prod/2022.1/rdi_builds/continuous/2022_04_18_3526262/src/shared/hls/clib/hlsmath/src/common/hls_hotbm_float.cpp:127) to 'sin_or_cos<float>' [51]  (7.07 ns)

 <State 40>: 7.07ns
The critical path consists of the following:
	'call' operation ('tmp', r:/ci/prod/2022.1/rdi_builds/continuous/2022_04_18_3526262/src/shared/hls/clib/hlsmath/src/common/hls_hotbm_float.cpp:127) to 'sin_or_cos<float>' [51]  (7.07 ns)

 <State 41>: 7.07ns
The critical path consists of the following:
	'call' operation ('tmp', r:/ci/prod/2022.1/rdi_builds/continuous/2022_04_18_3526262/src/shared/hls/clib/hlsmath/src/common/hls_hotbm_float.cpp:127) to 'sin_or_cos<float>' [51]  (7.07 ns)

 <State 42>: 7.07ns
The critical path consists of the following:
	'call' operation ('tmp_s', r:/ci/prod/2022.1/rdi_builds/continuous/2022_04_18_3526262/src/shared/hls/clib/hlsmath/src/common/hls_hotbm_float.cpp:123) to 'sin_or_cos<float>' [54]  (7.07 ns)

 <State 43>: 5.7ns
The critical path consists of the following:
	'fmul' operation ('mul1', dft_256/dft.cpp:22) [52]  (5.7 ns)

 <State 44>: 5.7ns
The critical path consists of the following:
	'fmul' operation ('mul1', dft_256/dft.cpp:22) [52]  (5.7 ns)

 <State 45>: 5.7ns
The critical path consists of the following:
	'fmul' operation ('mul1', dft_256/dft.cpp:22) [52]  (5.7 ns)

 <State 46>: 5.7ns
The critical path consists of the following:
	'fmul' operation ('mul1', dft_256/dft.cpp:22) [52]  (5.7 ns)

 <State 47>: 7.26ns
The critical path consists of the following:
	'load' operation ('add5_load', dft_256/dft.cpp:22) on local variable 'add5' [38]  (0 ns)
	'fadd' operation ('add', dft_256/dft.cpp:22) [53]  (7.26 ns)

 <State 48>: 7.26ns
The critical path consists of the following:
	'fadd' operation ('add', dft_256/dft.cpp:22) [53]  (7.26 ns)

 <State 49>: 7.26ns
The critical path consists of the following:
	'fadd' operation ('add', dft_256/dft.cpp:22) [53]  (7.26 ns)

 <State 50>: 7.26ns
The critical path consists of the following:
	'fadd' operation ('add', dft_256/dft.cpp:22) [53]  (7.26 ns)

 <State 51>: 7.26ns
The critical path consists of the following:
	'fadd' operation ('add', dft_256/dft.cpp:22) [53]  (7.26 ns)

 <State 52>: 7.26ns
The critical path consists of the following:
	'fsub' operation ('sub', dft_256/dft.cpp:23) [56]  (7.26 ns)

 <State 53>: 3.25ns
The critical path consists of the following:
	'store' operation ('store_ln23', dft_256/dft.cpp:23) of variable 'sub', dft_256/dft.cpp:23 on array 'sum_i' [61]  (3.25 ns)


============================================================
+ Verbose Summary: Binding
============================================================
N/A
* FSMD analyzer results:
  - Output states:
 - Input state : 
  - Chain level:
	State 1
	State 2
	State 3
	State 4
	State 5
	State 6
	State 7
	State 8
	State 9
	State 10
	State 11
	State 12
	State 13
	State 14
	State 15
	State 16
	State 17
	State 18
	State 19
	State 20
	State 21
	State 22
	State 23
	State 24
	State 25
	State 26
	State 27
	State 28
	State 29
	State 30
	State 31
	State 32
	State 33
	State 34
	State 35
	State 36
	State 37
	State 38
	State 39
	State 40
	State 41
	State 42
	State 43
	State 44
	State 45
	State 46
	State 47
	State 48
	State 49
	State 50
	State 51
	State 52
	State 53


============================================================
+ Verbose Summary: Datapath Resource usage 
============================================================
N/A
